2017-06-27 17:23:27.673 [debug] <0.54.0>@lager_handler_watcher:94 Lager installed handler {lager_file_backend,
                            "/home/wilson/basho_bench/tests/20170627_172327/error.log"} into lager_event
2017-06-27 17:23:27.673 [debug] <0.56.0>@lager_handler_watcher:94 Lager installed handler {lager_file_backend,
                            "/home/wilson/basho_bench/tests/20170627_172327/console.log"} into lager_event
2017-06-27 17:23:27.673 [debug] <0.58.0>@lager_handler_watcher:94 Lager installed handler error_logger_lager_h into error_logger
2017-06-27 17:23:27.707 [debug] <0.41.0> Supervisor gr_param_sup started gr_param:start_link(gr_lager_default_tracer_params) at pid <0.60.0>
2017-06-27 17:23:27.707 [debug] <0.40.0> Supervisor gr_counter_sup started gr_counter:start_link(gr_lager_default_tracer_counters) at pid <0.61.0>
2017-06-27 17:23:27.707 [debug] <0.42.0> Supervisor gr_manager_sup started gr_manager:start_link(gr_lager_default_tracer_params_mgr, gr_lager_default_tracer_params, []) at pid <0.62.0>
2017-06-27 17:23:27.707 [debug] <0.42.0> Supervisor gr_manager_sup started gr_manager:start_link(gr_lager_default_tracer_counters_mgr, gr_lager_default_tracer_counters, [{input,0},{filter,0},{output,0}]) at pid <0.63.0>
2017-06-27 17:23:28.148 [debug] <0.50.0>@lager_handler_watcher:94 Lager installed handler lager_backend_throttle into lager_event
2017-06-27 17:23:28.255 [info] <0.7.0> Application lager started on node nonode@nohost
2017-06-27 17:23:28.256 [notice] <0.47.0>@lager_file_backend:128 Changed loglevel of /home/wilson/basho_bench/tests/20170627_172327/console.log to debug
2017-06-27 17:23:28.267 [info] <0.2.0>@basho_bench:log_dimensions:253 Est. data size: 0.00 bytes
2017-06-27 17:23:28.326 [debug] <0.72.0> Supervisor sasl_safe_sup started alarm_handler:start_link() at pid <0.73.0>
2017-06-27 17:23:28.326 [debug] <0.72.0> Supervisor sasl_safe_sup started overload:start_link() at pid <0.74.0>
2017-06-27 17:23:28.326 [debug] <0.71.0> Supervisor sasl_sup started supervisor:start_link({local,sasl_safe_sup}, sasl, safe) at pid <0.72.0>
2017-06-27 17:23:28.340 [debug] <0.71.0> Supervisor sasl_sup started release_handler:start_link() at pid <0.75.0>
2017-06-27 17:23:28.340 [info] <0.7.0> Application sasl started on node nonode@nohost
2017-06-27 17:23:28.360 [info] <0.7.0> Application crypto started on node nonode@nohost
2017-06-27 17:23:28.440 [debug] <0.87.0> Supervisor folsom_sup started folsom_sample_slide_sup:start_link() at pid <0.88.0>
2017-06-27 17:23:28.446 [debug] <0.87.0> Supervisor folsom_sup started folsom_meter_timer_server:start_link() at pid <0.89.0>
2017-06-27 17:23:28.451 [debug] <0.87.0> Supervisor folsom_sup started folsom_metrics_histogram_ets:start_link() at pid <0.90.0>
2017-06-27 17:23:28.451 [info] <0.7.0> Application folsom started on node nonode@nohost
2017-06-27 17:23:28.487 [debug] <0.81.0> Supervisor basho_bench_sup started basho_bench_stats:start_link() at pid <0.83.0>
2017-06-27 17:23:28.493 [debug] <0.92.0>@basho_bench_keygen:new:100 ID 1 generating range 0 to 156
2017-06-27 17:23:28.493 [debug] <0.92.0>@basho_bench_valgen:init_source:102 random source
2017-06-27 17:23:28.507 [debug] <0.81.0> Supervisor basho_bench_sup started basho_bench_worker:start_link(basho_bench_worker_1, 1) at pid <0.92.0>
2017-06-27 17:23:28.507 [debug] <0.94.0>@basho_bench_keygen:new:100 ID 2 generating range 156 to 312
2017-06-27 17:23:28.508 [debug] <0.81.0> Supervisor basho_bench_sup started basho_bench_worker:start_link(basho_bench_worker_2, 2) at pid <0.94.0>
2017-06-27 17:23:28.508 [debug] <0.96.0>@basho_bench_keygen:new:100 ID 3 generating range 312 to 468
2017-06-27 17:23:28.509 [debug] <0.81.0> Supervisor basho_bench_sup started basho_bench_worker:start_link(basho_bench_worker_3, 3) at pid <0.96.0>
2017-06-27 17:23:28.509 [debug] <0.98.0>@basho_bench_keygen:new:100 ID 4 generating range 468 to 624
2017-06-27 17:23:28.510 [debug] <0.81.0> Supervisor basho_bench_sup started basho_bench_worker:start_link(basho_bench_worker_4, 4) at pid <0.98.0>
2017-06-27 17:23:28.510 [debug] <0.100.0>@basho_bench_keygen:new:100 ID 5 generating range 624 to 780
2017-06-27 17:23:28.511 [debug] <0.81.0> Supervisor basho_bench_sup started basho_bench_worker:start_link(basho_bench_worker_5, 5) at pid <0.100.0>
2017-06-27 17:23:28.511 [debug] <0.102.0>@basho_bench_keygen:new:100 ID 6 generating range 780 to 936
2017-06-27 17:23:28.512 [debug] <0.81.0> Supervisor basho_bench_sup started basho_bench_worker:start_link(basho_bench_worker_6, 6) at pid <0.102.0>
2017-06-27 17:23:28.512 [debug] <0.104.0>@basho_bench_keygen:new:100 ID 7 generating range 936 to 1092
2017-06-27 17:23:28.513 [debug] <0.81.0> Supervisor basho_bench_sup started basho_bench_worker:start_link(basho_bench_worker_7, 7) at pid <0.104.0>
2017-06-27 17:23:28.513 [debug] <0.106.0>@basho_bench_keygen:new:100 ID 8 generating range 1092 to 1248
2017-06-27 17:23:28.514 [debug] <0.81.0> Supervisor basho_bench_sup started basho_bench_worker:start_link(basho_bench_worker_8, 8) at pid <0.106.0>
2017-06-27 17:23:28.514 [debug] <0.108.0>@basho_bench_keygen:new:100 ID 9 generating range 1248 to 1404
2017-06-27 17:23:28.515 [debug] <0.81.0> Supervisor basho_bench_sup started basho_bench_worker:start_link(basho_bench_worker_9, 9) at pid <0.108.0>
2017-06-27 17:23:28.515 [debug] <0.110.0>@basho_bench_keygen:new:100 ID 10 generating range 1404 to 1560
2017-06-27 17:23:28.516 [debug] <0.81.0> Supervisor basho_bench_sup started basho_bench_worker:start_link(basho_bench_worker_10, 10) at pid <0.110.0>
2017-06-27 17:23:28.516 [debug] <0.112.0>@basho_bench_keygen:new:100 ID 11 generating range 1560 to 1716
2017-06-27 17:23:28.517 [debug] <0.81.0> Supervisor basho_bench_sup started basho_bench_worker:start_link(basho_bench_worker_11, 11) at pid <0.112.0>
2017-06-27 17:23:28.517 [debug] <0.114.0>@basho_bench_keygen:new:100 ID 12 generating range 1716 to 1872
2017-06-27 17:23:28.518 [debug] <0.81.0> Supervisor basho_bench_sup started basho_bench_worker:start_link(basho_bench_worker_12, 12) at pid <0.114.0>
2017-06-27 17:23:28.518 [debug] <0.116.0>@basho_bench_keygen:new:100 ID 13 generating range 1872 to 2028
2017-06-27 17:23:28.519 [debug] <0.81.0> Supervisor basho_bench_sup started basho_bench_worker:start_link(basho_bench_worker_13, 13) at pid <0.116.0>
2017-06-27 17:23:28.519 [debug] <0.118.0>@basho_bench_keygen:new:100 ID 14 generating range 2028 to 2184
2017-06-27 17:23:28.520 [debug] <0.81.0> Supervisor basho_bench_sup started basho_bench_worker:start_link(basho_bench_worker_14, 14) at pid <0.118.0>
2017-06-27 17:23:28.520 [debug] <0.120.0>@basho_bench_keygen:new:100 ID 15 generating range 2184 to 2340
2017-06-27 17:23:28.521 [debug] <0.81.0> Supervisor basho_bench_sup started basho_bench_worker:start_link(basho_bench_worker_15, 15) at pid <0.120.0>
2017-06-27 17:23:28.521 [debug] <0.122.0>@basho_bench_keygen:new:100 ID 16 generating range 2340 to 2496
2017-06-27 17:23:28.522 [debug] <0.81.0> Supervisor basho_bench_sup started basho_bench_worker:start_link(basho_bench_worker_16, 16) at pid <0.122.0>
2017-06-27 17:23:28.522 [debug] <0.124.0>@basho_bench_keygen:new:100 ID 17 generating range 2496 to 2652
2017-06-27 17:23:28.523 [debug] <0.81.0> Supervisor basho_bench_sup started basho_bench_worker:start_link(basho_bench_worker_17, 17) at pid <0.124.0>
2017-06-27 17:23:28.523 [debug] <0.126.0>@basho_bench_keygen:new:100 ID 18 generating range 2652 to 2808
2017-06-27 17:23:28.524 [debug] <0.81.0> Supervisor basho_bench_sup started basho_bench_worker:start_link(basho_bench_worker_18, 18) at pid <0.126.0>
2017-06-27 17:23:28.524 [debug] <0.128.0>@basho_bench_keygen:new:100 ID 19 generating range 2808 to 2964
2017-06-27 17:23:28.525 [debug] <0.81.0> Supervisor basho_bench_sup started basho_bench_worker:start_link(basho_bench_worker_19, 19) at pid <0.128.0>
2017-06-27 17:23:28.525 [debug] <0.130.0>@basho_bench_keygen:new:100 ID 20 generating range 2964 to 3120
2017-06-27 17:23:28.526 [debug] <0.81.0> Supervisor basho_bench_sup started basho_bench_worker:start_link(basho_bench_worker_20, 20) at pid <0.130.0>
2017-06-27 17:23:28.526 [debug] <0.132.0>@basho_bench_keygen:new:100 ID 21 generating range 3120 to 3276
2017-06-27 17:23:28.527 [debug] <0.81.0> Supervisor basho_bench_sup started basho_bench_worker:start_link(basho_bench_worker_21, 21) at pid <0.132.0>
2017-06-27 17:23:28.527 [debug] <0.134.0>@basho_bench_keygen:new:100 ID 22 generating range 3276 to 3432
2017-06-27 17:23:28.528 [debug] <0.81.0> Supervisor basho_bench_sup started basho_bench_worker:start_link(basho_bench_worker_22, 22) at pid <0.134.0>
2017-06-27 17:23:28.528 [debug] <0.136.0>@basho_bench_keygen:new:100 ID 23 generating range 3432 to 3588
2017-06-27 17:23:28.529 [debug] <0.81.0> Supervisor basho_bench_sup started basho_bench_worker:start_link(basho_bench_worker_23, 23) at pid <0.136.0>
2017-06-27 17:23:28.529 [debug] <0.138.0>@basho_bench_keygen:new:100 ID 24 generating range 3588 to 3744
2017-06-27 17:23:28.530 [debug] <0.81.0> Supervisor basho_bench_sup started basho_bench_worker:start_link(basho_bench_worker_24, 24) at pid <0.138.0>
2017-06-27 17:23:28.530 [debug] <0.140.0>@basho_bench_keygen:new:100 ID 25 generating range 3744 to 3900
2017-06-27 17:23:28.531 [debug] <0.81.0> Supervisor basho_bench_sup started basho_bench_worker:start_link(basho_bench_worker_25, 25) at pid <0.140.0>
2017-06-27 17:23:28.531 [debug] <0.142.0>@basho_bench_keygen:new:100 ID 26 generating range 3900 to 4056
2017-06-27 17:23:28.532 [debug] <0.81.0> Supervisor basho_bench_sup started basho_bench_worker:start_link(basho_bench_worker_26, 26) at pid <0.142.0>
2017-06-27 17:23:28.532 [debug] <0.144.0>@basho_bench_keygen:new:100 ID 27 generating range 4056 to 4212
2017-06-27 17:23:28.533 [debug] <0.81.0> Supervisor basho_bench_sup started basho_bench_worker:start_link(basho_bench_worker_27, 27) at pid <0.144.0>
2017-06-27 17:23:28.533 [debug] <0.146.0>@basho_bench_keygen:new:100 ID 28 generating range 4212 to 4368
2017-06-27 17:23:28.534 [debug] <0.81.0> Supervisor basho_bench_sup started basho_bench_worker:start_link(basho_bench_worker_28, 28) at pid <0.146.0>
2017-06-27 17:23:28.534 [debug] <0.148.0>@basho_bench_keygen:new:100 ID 29 generating range 4368 to 4524
2017-06-27 17:23:28.535 [debug] <0.150.0>@basho_bench_keygen:new:100 ID 30 generating range 4524 to 4680
2017-06-27 17:23:28.535 [debug] <0.81.0> Supervisor basho_bench_sup started basho_bench_worker:start_link(basho_bench_worker_29, 29) at pid <0.148.0>
2017-06-27 17:23:28.535 [debug] <0.152.0>@basho_bench_keygen:new:100 ID 31 generating range 4680 to 4836
2017-06-27 17:23:28.536 [debug] <0.81.0> Supervisor basho_bench_sup started basho_bench_worker:start_link(basho_bench_worker_30, 30) at pid <0.150.0>
2017-06-27 17:23:28.536 [debug] <0.81.0> Supervisor basho_bench_sup started basho_bench_worker:start_link(basho_bench_worker_31, 31) at pid <0.152.0>
2017-06-27 17:23:28.536 [debug] <0.154.0>@basho_bench_keygen:new:100 ID 32 generating range 4836 to 4992
2017-06-27 17:23:28.537 [debug] <0.156.0>@basho_bench_keygen:new:100 ID 33 generating range 4992 to 5148
2017-06-27 17:23:28.537 [debug] <0.81.0> Supervisor basho_bench_sup started basho_bench_worker:start_link(basho_bench_worker_32, 32) at pid <0.154.0>
2017-06-27 17:23:28.538 [debug] <0.158.0>@basho_bench_keygen:new:100 ID 34 generating range 5148 to 5304
2017-06-27 17:23:28.538 [debug] <0.81.0> Supervisor basho_bench_sup started basho_bench_worker:start_link(basho_bench_worker_33, 33) at pid <0.156.0>
2017-06-27 17:23:28.539 [debug] <0.81.0> Supervisor basho_bench_sup started basho_bench_worker:start_link(basho_bench_worker_34, 34) at pid <0.158.0>
2017-06-27 17:23:28.539 [debug] <0.160.0>@basho_bench_keygen:new:100 ID 35 generating range 5304 to 5460
2017-06-27 17:23:28.540 [debug] <0.162.0>@basho_bench_keygen:new:100 ID 36 generating range 5460 to 5616
2017-06-27 17:23:28.540 [debug] <0.81.0> Supervisor basho_bench_sup started basho_bench_worker:start_link(basho_bench_worker_35, 35) at pid <0.160.0>
2017-06-27 17:23:28.541 [debug] <0.81.0> Supervisor basho_bench_sup started basho_bench_worker:start_link(basho_bench_worker_36, 36) at pid <0.162.0>
2017-06-27 17:23:28.541 [debug] <0.164.0>@basho_bench_keygen:new:100 ID 37 generating range 5616 to 5772
2017-06-27 17:23:28.542 [debug] <0.166.0>@basho_bench_keygen:new:100 ID 38 generating range 5772 to 5928
2017-06-27 17:23:28.542 [debug] <0.81.0> Supervisor basho_bench_sup started basho_bench_worker:start_link(basho_bench_worker_37, 37) at pid <0.164.0>
2017-06-27 17:23:28.543 [debug] <0.81.0> Supervisor basho_bench_sup started basho_bench_worker:start_link(basho_bench_worker_38, 38) at pid <0.166.0>
2017-06-27 17:23:28.543 [debug] <0.168.0>@basho_bench_keygen:new:100 ID 39 generating range 5928 to 6084
2017-06-27 17:23:28.544 [debug] <0.81.0> Supervisor basho_bench_sup started basho_bench_worker:start_link(basho_bench_worker_39, 39) at pid <0.168.0>
2017-06-27 17:23:28.544 [debug] <0.170.0>@basho_bench_keygen:new:100 ID 40 generating range 6084 to 6240
2017-06-27 17:23:28.545 [debug] <0.172.0>@basho_bench_keygen:new:100 ID 41 generating range 6240 to 6396
2017-06-27 17:23:28.546 [debug] <0.81.0> Supervisor basho_bench_sup started basho_bench_worker:start_link(basho_bench_worker_40, 40) at pid <0.170.0>
2017-06-27 17:23:28.546 [debug] <0.174.0>@basho_bench_keygen:new:100 ID 42 generating range 6396 to 6552
2017-06-27 17:23:28.547 [debug] <0.81.0> Supervisor basho_bench_sup started basho_bench_worker:start_link(basho_bench_worker_41, 41) at pid <0.172.0>
2017-06-27 17:23:28.547 [debug] <0.176.0>@basho_bench_keygen:new:100 ID 43 generating range 6552 to 6708
2017-06-27 17:23:28.548 [debug] <0.81.0> Supervisor basho_bench_sup started basho_bench_worker:start_link(basho_bench_worker_42, 42) at pid <0.174.0>
2017-06-27 17:23:28.548 [debug] <0.81.0> Supervisor basho_bench_sup started basho_bench_worker:start_link(basho_bench_worker_43, 43) at pid <0.176.0>
2017-06-27 17:23:28.548 [debug] <0.178.0>@basho_bench_keygen:new:100 ID 44 generating range 6708 to 6864
2017-06-27 17:23:28.549 [debug] <0.180.0>@basho_bench_keygen:new:100 ID 45 generating range 6864 to 7020
2017-06-27 17:23:28.550 [debug] <0.81.0> Supervisor basho_bench_sup started basho_bench_worker:start_link(basho_bench_worker_44, 44) at pid <0.178.0>
2017-06-27 17:23:28.550 [debug] <0.182.0>@basho_bench_keygen:new:100 ID 46 generating range 7020 to 7176
2017-06-27 17:23:28.551 [debug] <0.81.0> Supervisor basho_bench_sup started basho_bench_worker:start_link(basho_bench_worker_45, 45) at pid <0.180.0>
2017-06-27 17:23:28.551 [debug] <0.81.0> Supervisor basho_bench_sup started basho_bench_worker:start_link(basho_bench_worker_46, 46) at pid <0.182.0>
2017-06-27 17:23:28.551 [debug] <0.184.0>@basho_bench_keygen:new:100 ID 47 generating range 7176 to 7332
2017-06-27 17:23:28.552 [debug] <0.81.0> Supervisor basho_bench_sup started basho_bench_worker:start_link(basho_bench_worker_47, 47) at pid <0.184.0>
2017-06-27 17:23:28.552 [debug] <0.186.0>@basho_bench_keygen:new:100 ID 48 generating range 7332 to 7488
2017-06-27 17:23:28.553 [debug] <0.188.0>@basho_bench_keygen:new:100 ID 49 generating range 7488 to 7644
2017-06-27 17:23:28.553 [debug] <0.81.0> Supervisor basho_bench_sup started basho_bench_worker:start_link(basho_bench_worker_48, 48) at pid <0.186.0>
2017-06-27 17:23:28.554 [debug] <0.190.0>@basho_bench_keygen:new:100 ID 50 generating range 7644 to 7800
2017-06-27 17:23:28.555 [debug] <0.81.0> Supervisor basho_bench_sup started basho_bench_worker:start_link(basho_bench_worker_49, 49) at pid <0.188.0>
2017-06-27 17:23:28.555 [debug] <0.81.0> Supervisor basho_bench_sup started basho_bench_worker:start_link(basho_bench_worker_50, 50) at pid <0.190.0>
2017-06-27 17:23:28.556 [debug] <0.192.0>@basho_bench_keygen:new:100 ID 51 generating range 7800 to 7956
2017-06-27 17:23:28.556 [debug] <0.194.0>@basho_bench_keygen:new:100 ID 52 generating range 7956 to 8112
2017-06-27 17:23:28.556 [debug] <0.81.0> Supervisor basho_bench_sup started basho_bench_worker:start_link(basho_bench_worker_51, 51) at pid <0.192.0>
2017-06-27 17:23:28.557 [debug] <0.81.0> Supervisor basho_bench_sup started basho_bench_worker:start_link(basho_bench_worker_52, 52) at pid <0.194.0>
2017-06-27 17:23:28.557 [debug] <0.196.0>@basho_bench_keygen:new:100 ID 53 generating range 8112 to 8268
2017-06-27 17:23:28.558 [debug] <0.81.0> Supervisor basho_bench_sup started basho_bench_worker:start_link(basho_bench_worker_53, 53) at pid <0.196.0>
2017-06-27 17:23:28.558 [debug] <0.198.0>@basho_bench_keygen:new:100 ID 54 generating range 8268 to 8424
2017-06-27 17:23:28.559 [debug] <0.200.0>@basho_bench_keygen:new:100 ID 55 generating range 8424 to 8580
2017-06-27 17:23:28.559 [debug] <0.81.0> Supervisor basho_bench_sup started basho_bench_worker:start_link(basho_bench_worker_54, 54) at pid <0.198.0>
2017-06-27 17:23:28.560 [debug] <0.81.0> Supervisor basho_bench_sup started basho_bench_worker:start_link(basho_bench_worker_55, 55) at pid <0.200.0>
2017-06-27 17:23:28.560 [debug] <0.202.0>@basho_bench_keygen:new:100 ID 56 generating range 8580 to 8736
2017-06-27 17:23:28.561 [debug] <0.81.0> Supervisor basho_bench_sup started basho_bench_worker:start_link(basho_bench_worker_56, 56) at pid <0.202.0>
2017-06-27 17:23:28.561 [debug] <0.204.0>@basho_bench_keygen:new:100 ID 57 generating range 8736 to 8892
2017-06-27 17:23:28.562 [debug] <0.81.0> Supervisor basho_bench_sup started basho_bench_worker:start_link(basho_bench_worker_57, 57) at pid <0.204.0>
2017-06-27 17:23:28.562 [debug] <0.206.0>@basho_bench_keygen:new:100 ID 58 generating range 8892 to 9048
2017-06-27 17:23:28.563 [debug] <0.208.0>@basho_bench_keygen:new:100 ID 59 generating range 9048 to 9204
2017-06-27 17:23:28.563 [debug] <0.81.0> Supervisor basho_bench_sup started basho_bench_worker:start_link(basho_bench_worker_58, 58) at pid <0.206.0>
2017-06-27 17:23:28.564 [debug] <0.210.0>@basho_bench_keygen:new:100 ID 60 generating range 9204 to 9360
2017-06-27 17:23:28.564 [debug] <0.81.0> Supervisor basho_bench_sup started basho_bench_worker:start_link(basho_bench_worker_59, 59) at pid <0.208.0>
2017-06-27 17:23:28.565 [debug] <0.81.0> Supervisor basho_bench_sup started basho_bench_worker:start_link(basho_bench_worker_60, 60) at pid <0.210.0>
2017-06-27 17:23:28.565 [debug] <0.212.0>@basho_bench_keygen:new:100 ID 61 generating range 9360 to 9516
2017-06-27 17:23:28.566 [debug] <0.81.0> Supervisor basho_bench_sup started basho_bench_worker:start_link(basho_bench_worker_61, 61) at pid <0.212.0>
2017-06-27 17:23:28.566 [debug] <0.214.0>@basho_bench_keygen:new:100 ID 62 generating range 9516 to 9672
2017-06-27 17:23:28.567 [debug] <0.81.0> Supervisor basho_bench_sup started basho_bench_worker:start_link(basho_bench_worker_62, 62) at pid <0.214.0>
2017-06-27 17:23:28.567 [debug] <0.216.0>@basho_bench_keygen:new:100 ID 63 generating range 9672 to 9828
2017-06-27 17:23:28.568 [debug] <0.218.0>@basho_bench_keygen:new:100 ID 64 generating range 9828 to 10000
2017-06-27 17:23:28.568 [debug] <0.81.0> Supervisor basho_bench_sup started basho_bench_worker:start_link(basho_bench_worker_63, 63) at pid <0.216.0>
2017-06-27 17:23:28.569 [debug] <0.81.0> Supervisor basho_bench_sup started basho_bench_worker:start_link(basho_bench_worker_64, 64) at pid <0.218.0>
2017-06-27 17:23:28.569 [debug] <0.26.0> Supervisor kernel_safe_sup started timer:start_link() at pid <0.220.0>
2017-06-27 17:23:28.578 [info] <0.219.0>@basho_bench_worker:worker_idle_loop:237 Starting max worker: <0.219.0> on nonode@nohost
2017-06-27 17:23:28.578 [info] <0.217.0>@basho_bench_worker:worker_idle_loop:237 Starting max worker: <0.217.0> on nonode@nohost
2017-06-27 17:23:28.578 [debug] <0.221.0>@basho_bench_keygen:sequential_int_generator:193 sequential_int_gen: <0.219.0>: 0 (0%)
2017-06-27 17:23:28.578 [info] <0.215.0>@basho_bench_worker:worker_idle_loop:237 Starting max worker: <0.215.0> on nonode@nohost
2017-06-27 17:23:28.578 [debug] <0.222.0>@basho_bench_keygen:sequential_int_generator:193 sequential_int_gen: <0.217.0>: 0 (0%)
2017-06-27 17:23:28.579 [info] <0.213.0>@basho_bench_worker:worker_idle_loop:237 Starting max worker: <0.213.0> on nonode@nohost
2017-06-27 17:23:28.579 [debug] <0.223.0>@basho_bench_keygen:sequential_int_generator:193 sequential_int_gen: <0.215.0>: 0 (0%)
2017-06-27 17:23:28.579 [debug] <0.224.0>@basho_bench_keygen:sequential_int_generator:193 sequential_int_gen: <0.213.0>: 0 (0%)
2017-06-27 17:23:28.579 [info] <0.211.0>@basho_bench_worker:worker_idle_loop:237 Starting max worker: <0.211.0> on nonode@nohost
2017-06-27 17:23:28.579 [info] <0.209.0>@basho_bench_worker:worker_idle_loop:237 Starting max worker: <0.209.0> on nonode@nohost
2017-06-27 17:23:28.579 [debug] <0.225.0>@basho_bench_keygen:sequential_int_generator:193 sequential_int_gen: <0.209.0>: 0 (0%)
2017-06-27 17:23:28.579 [info] <0.207.0>@basho_bench_worker:worker_idle_loop:237 Starting max worker: <0.207.0> on nonode@nohost
2017-06-27 17:23:28.579 [debug] <0.226.0>@basho_bench_keygen:sequential_int_generator:193 sequential_int_gen: <0.211.0>: 0 (0%)
2017-06-27 17:23:28.579 [debug] <0.227.0>@basho_bench_keygen:sequential_int_generator:193 sequential_int_gen: <0.207.0>: 0 (0%)
2017-06-27 17:23:28.579 [info] <0.205.0>@basho_bench_worker:worker_idle_loop:237 Starting max worker: <0.205.0> on nonode@nohost
2017-06-27 17:23:28.579 [debug] <0.228.0>@basho_bench_keygen:sequential_int_generator:193 sequential_int_gen: <0.205.0>: 0 (0%)
2017-06-27 17:23:28.579 [info] <0.203.0>@basho_bench_worker:worker_idle_loop:237 Starting max worker: <0.203.0> on nonode@nohost
2017-06-27 17:23:28.579 [info] <0.201.0>@basho_bench_worker:worker_idle_loop:237 Starting max worker: <0.201.0> on nonode@nohost
2017-06-27 17:23:28.579 [info] <0.199.0>@basho_bench_worker:worker_idle_loop:237 Starting max worker: <0.199.0> on nonode@nohost
2017-06-27 17:23:28.579 [info] <0.197.0>@basho_bench_worker:worker_idle_loop:237 Starting max worker: <0.197.0> on nonode@nohost
2017-06-27 17:23:28.579 [debug] <0.229.0>@basho_bench_keygen:sequential_int_generator:193 sequential_int_gen: <0.203.0>: 0 (0%)
2017-06-27 17:23:28.579 [info] <0.195.0>@basho_bench_worker:worker_idle_loop:237 Starting max worker: <0.195.0> on nonode@nohost
2017-06-27 17:23:28.579 [info] <0.193.0>@basho_bench_worker:worker_idle_loop:237 Starting max worker: <0.193.0> on nonode@nohost
2017-06-27 17:23:28.579 [debug] <0.230.0>@basho_bench_keygen:sequential_int_generator:193 sequential_int_gen: <0.201.0>: 0 (0%)
2017-06-27 17:23:28.580 [info] <0.191.0>@basho_bench_worker:worker_idle_loop:237 Starting max worker: <0.191.0> on nonode@nohost
2017-06-27 17:23:28.580 [debug] <0.231.0>@basho_bench_keygen:sequential_int_generator:193 sequential_int_gen: <0.199.0>: 0 (0%)
2017-06-27 17:23:28.580 [debug] <0.232.0>@basho_bench_keygen:sequential_int_generator:193 sequential_int_gen: <0.197.0>: 0 (0%)
2017-06-27 17:23:28.580 [debug] <0.233.0>@basho_bench_keygen:sequential_int_generator:193 sequential_int_gen: <0.193.0>: 0 (0%)
2017-06-27 17:23:28.580 [debug] <0.234.0>@basho_bench_keygen:sequential_int_generator:193 sequential_int_gen: <0.195.0>: 0 (0%)
2017-06-27 17:23:28.580 [debug] <0.235.0>@basho_bench_keygen:sequential_int_generator:193 sequential_int_gen: <0.191.0>: 0 (0%)
2017-06-27 17:23:28.580 [info] <0.189.0>@basho_bench_worker:worker_idle_loop:237 Starting max worker: <0.189.0> on nonode@nohost
2017-06-27 17:23:28.580 [info] <0.187.0>@basho_bench_worker:worker_idle_loop:237 Starting max worker: <0.187.0> on nonode@nohost
2017-06-27 17:23:28.580 [info] <0.183.0>@basho_bench_worker:worker_idle_loop:237 Starting max worker: <0.183.0> on nonode@nohost
2017-06-27 17:23:28.580 [info] <0.185.0>@basho_bench_worker:worker_idle_loop:237 Starting max worker: <0.185.0> on nonode@nohost
2017-06-27 17:23:28.580 [info] <0.181.0>@basho_bench_worker:worker_idle_loop:237 Starting max worker: <0.181.0> on nonode@nohost
2017-06-27 17:23:28.580 [info] <0.179.0>@basho_bench_worker:worker_idle_loop:237 Starting max worker: <0.179.0> on nonode@nohost
2017-06-27 17:23:28.580 [debug] <0.236.0>@basho_bench_keygen:sequential_int_generator:193 sequential_int_gen: <0.189.0>: 0 (0%)
2017-06-27 17:23:28.580 [info] <0.175.0>@basho_bench_worker:worker_idle_loop:237 Starting max worker: <0.175.0> on nonode@nohost
2017-06-27 17:23:28.580 [info] <0.173.0>@basho_bench_worker:worker_idle_loop:237 Starting max worker: <0.173.0> on nonode@nohost
2017-06-27 17:23:28.580 [info] <0.177.0>@basho_bench_worker:worker_idle_loop:237 Starting max worker: <0.177.0> on nonode@nohost
2017-06-27 17:23:28.580 [info] <0.171.0>@basho_bench_worker:worker_idle_loop:237 Starting max worker: <0.171.0> on nonode@nohost
2017-06-27 17:23:28.580 [debug] <0.237.0>@basho_bench_keygen:sequential_int_generator:193 sequential_int_gen: <0.185.0>: 0 (0%)
2017-06-27 17:23:28.580 [info] <0.169.0>@basho_bench_worker:worker_idle_loop:237 Starting max worker: <0.169.0> on nonode@nohost
2017-06-27 17:23:28.580 [debug] <0.238.0>@basho_bench_keygen:sequential_int_generator:193 sequential_int_gen: <0.187.0>: 0 (0%)
2017-06-27 17:23:28.580 [debug] <0.240.0>@basho_bench_keygen:sequential_int_generator:193 sequential_int_gen: <0.181.0>: 0 (0%)
2017-06-27 17:23:28.580 [debug] <0.239.0>@basho_bench_keygen:sequential_int_generator:193 sequential_int_gen: <0.183.0>: 0 (0%)
2017-06-27 17:23:28.580 [debug] <0.242.0>@basho_bench_keygen:sequential_int_generator:193 sequential_int_gen: <0.175.0>: 0 (0%)
2017-06-27 17:23:28.580 [debug] <0.241.0>@basho_bench_keygen:sequential_int_generator:193 sequential_int_gen: <0.179.0>: 0 (0%)
2017-06-27 17:23:28.580 [debug] <0.244.0>@basho_bench_keygen:sequential_int_generator:193 sequential_int_gen: <0.173.0>: 0 (0%)
2017-06-27 17:23:28.580 [debug] <0.245.0>@basho_bench_keygen:sequential_int_generator:193 sequential_int_gen: <0.171.0>: 0 (0%)
2017-06-27 17:23:28.580 [info] <0.167.0>@basho_bench_worker:worker_idle_loop:237 Starting max worker: <0.167.0> on nonode@nohost
2017-06-27 17:23:28.580 [debug] <0.246.0>@basho_bench_keygen:sequential_int_generator:193 sequential_int_gen: <0.169.0>: 0 (0%)
2017-06-27 17:23:28.580 [debug] <0.243.0>@basho_bench_keygen:sequential_int_generator:193 sequential_int_gen: <0.177.0>: 0 (0%)
2017-06-27 17:23:28.580 [info] <0.165.0>@basho_bench_worker:worker_idle_loop:237 Starting max worker: <0.165.0> on nonode@nohost
2017-06-27 17:23:28.580 [info] <0.163.0>@basho_bench_worker:worker_idle_loop:237 Starting max worker: <0.163.0> on nonode@nohost
2017-06-27 17:23:28.580 [info] <0.161.0>@basho_bench_worker:worker_idle_loop:237 Starting max worker: <0.161.0> on nonode@nohost
2017-06-27 17:23:28.580 [info] <0.159.0>@basho_bench_worker:worker_idle_loop:237 Starting max worker: <0.159.0> on nonode@nohost
2017-06-27 17:23:28.580 [info] <0.157.0>@basho_bench_worker:worker_idle_loop:237 Starting max worker: <0.157.0> on nonode@nohost
2017-06-27 17:23:28.580 [info] <0.151.0>@basho_bench_worker:worker_idle_loop:237 Starting max worker: <0.151.0> on nonode@nohost
2017-06-27 17:23:28.580 [info] <0.155.0>@basho_bench_worker:worker_idle_loop:237 Starting max worker: <0.155.0> on nonode@nohost
2017-06-27 17:23:28.580 [info] <0.149.0>@basho_bench_worker:worker_idle_loop:237 Starting max worker: <0.149.0> on nonode@nohost
2017-06-27 17:23:28.581 [info] <0.153.0>@basho_bench_worker:worker_idle_loop:237 Starting max worker: <0.153.0> on nonode@nohost
2017-06-27 17:23:28.581 [info] <0.147.0>@basho_bench_worker:worker_idle_loop:237 Starting max worker: <0.147.0> on nonode@nohost
2017-06-27 17:23:28.581 [info] <0.145.0>@basho_bench_worker:worker_idle_loop:237 Starting max worker: <0.145.0> on nonode@nohost
2017-06-27 17:23:28.581 [info] <0.143.0>@basho_bench_worker:worker_idle_loop:237 Starting max worker: <0.143.0> on nonode@nohost
2017-06-27 17:23:28.581 [info] <0.139.0>@basho_bench_worker:worker_idle_loop:237 Starting max worker: <0.139.0> on nonode@nohost
2017-06-27 17:23:28.581 [info] <0.137.0>@basho_bench_worker:worker_idle_loop:237 Starting max worker: <0.137.0> on nonode@nohost
2017-06-27 17:23:28.581 [info] <0.135.0>@basho_bench_worker:worker_idle_loop:237 Starting max worker: <0.135.0> on nonode@nohost
2017-06-27 17:23:28.581 [info] <0.133.0>@basho_bench_worker:worker_idle_loop:237 Starting max worker: <0.133.0> on nonode@nohost
2017-06-27 17:23:28.581 [info] <0.141.0>@basho_bench_worker:worker_idle_loop:237 Starting max worker: <0.141.0> on nonode@nohost
2017-06-27 17:23:28.581 [info] <0.131.0>@basho_bench_worker:worker_idle_loop:237 Starting max worker: <0.131.0> on nonode@nohost
2017-06-27 17:23:28.581 [info] <0.129.0>@basho_bench_worker:worker_idle_loop:237 Starting max worker: <0.129.0> on nonode@nohost
2017-06-27 17:23:28.581 [info] <0.127.0>@basho_bench_worker:worker_idle_loop:237 Starting max worker: <0.127.0> on nonode@nohost
2017-06-27 17:23:28.581 [info] <0.123.0>@basho_bench_worker:worker_idle_loop:237 Starting max worker: <0.123.0> on nonode@nohost
2017-06-27 17:23:28.581 [info] <0.121.0>@basho_bench_worker:worker_idle_loop:237 Starting max worker: <0.121.0> on nonode@nohost
2017-06-27 17:23:28.581 [info] <0.125.0>@basho_bench_worker:worker_idle_loop:237 Starting max worker: <0.125.0> on nonode@nohost
2017-06-27 17:23:28.581 [info] <0.115.0>@basho_bench_worker:worker_idle_loop:237 Starting max worker: <0.115.0> on nonode@nohost
2017-06-27 17:23:28.581 [info] <0.117.0>@basho_bench_worker:worker_idle_loop:237 Starting max worker: <0.117.0> on nonode@nohost
2017-06-27 17:23:28.581 [info] <0.119.0>@basho_bench_worker:worker_idle_loop:237 Starting max worker: <0.119.0> on nonode@nohost
2017-06-27 17:23:28.581 [info] <0.113.0>@basho_bench_worker:worker_idle_loop:237 Starting max worker: <0.113.0> on nonode@nohost
2017-06-27 17:23:28.581 [info] <0.111.0>@basho_bench_worker:worker_idle_loop:237 Starting max worker: <0.111.0> on nonode@nohost
2017-06-27 17:23:28.581 [info] <0.109.0>@basho_bench_worker:worker_idle_loop:237 Starting max worker: <0.109.0> on nonode@nohost
2017-06-27 17:23:28.581 [info] <0.107.0>@basho_bench_worker:worker_idle_loop:237 Starting max worker: <0.107.0> on nonode@nohost
2017-06-27 17:23:28.581 [info] <0.105.0>@basho_bench_worker:worker_idle_loop:237 Starting max worker: <0.105.0> on nonode@nohost
2017-06-27 17:23:28.581 [info] <0.99.0>@basho_bench_worker:worker_idle_loop:237 Starting max worker: <0.99.0> on nonode@nohost
2017-06-27 17:23:28.581 [info] <0.103.0>@basho_bench_worker:worker_idle_loop:237 Starting max worker: <0.103.0> on nonode@nohost
2017-06-27 17:23:28.581 [info] <0.101.0>@basho_bench_worker:worker_idle_loop:237 Starting max worker: <0.101.0> on nonode@nohost
2017-06-27 17:23:28.581 [info] <0.97.0>@basho_bench_worker:worker_idle_loop:237 Starting max worker: <0.97.0> on nonode@nohost
2017-06-27 17:23:28.581 [info] <0.95.0>@basho_bench_worker:worker_idle_loop:237 Starting max worker: <0.95.0> on nonode@nohost
2017-06-27 17:23:28.581 [info] <0.93.0>@basho_bench_worker:worker_idle_loop:237 Starting max worker: <0.93.0> on nonode@nohost
2017-06-27 17:23:28.582 [debug] <0.247.0>@basho_bench_keygen:sequential_int_generator:193 sequential_int_gen: <0.167.0>: 0 (0%)
2017-06-27 17:23:28.582 [debug] <0.248.0>@basho_bench_keygen:sequential_int_generator:193 sequential_int_gen: <0.165.0>: 0 (0%)
2017-06-27 17:23:28.582 [debug] <0.249.0>@basho_bench_keygen:sequential_int_generator:193 sequential_int_gen: <0.163.0>: 0 (0%)
2017-06-27 17:23:28.582 [debug] <0.250.0>@basho_bench_keygen:sequential_int_generator:193 sequential_int_gen: <0.161.0>: 0 (0%)
2017-06-27 17:23:28.582 [debug] <0.251.0>@basho_bench_keygen:sequential_int_generator:193 sequential_int_gen: <0.159.0>: 0 (0%)
2017-06-27 17:23:28.582 [debug] <0.252.0>@basho_bench_keygen:sequential_int_generator:193 sequential_int_gen: <0.157.0>: 0 (0%)
2017-06-27 17:23:28.582 [debug] <0.253.0>@basho_bench_keygen:sequential_int_generator:193 sequential_int_gen: <0.151.0>: 0 (0%)
2017-06-27 17:23:28.583 [debug] <0.254.0>@basho_bench_keygen:sequential_int_generator:193 sequential_int_gen: <0.155.0>: 0 (0%)
2017-06-27 17:23:28.583 [debug] <0.255.0>@basho_bench_keygen:sequential_int_generator:193 sequential_int_gen: <0.149.0>: 0 (0%)
2017-06-27 17:23:28.583 [debug] <0.257.0>@basho_bench_keygen:sequential_int_generator:193 sequential_int_gen: <0.145.0>: 0 (0%)
2017-06-27 17:23:28.583 [debug] <0.256.0>@basho_bench_keygen:sequential_int_generator:193 sequential_int_gen: <0.147.0>: 0 (0%)
2017-06-27 17:23:28.583 [debug] <0.258.0>@basho_bench_keygen:sequential_int_generator:193 sequential_int_gen: <0.153.0>: 0 (0%)
2017-06-27 17:23:28.583 [debug] <0.260.0>@basho_bench_keygen:sequential_int_generator:193 sequential_int_gen: <0.139.0>: 0 (0%)
2017-06-27 17:23:28.583 [debug] <0.259.0>@basho_bench_keygen:sequential_int_generator:193 sequential_int_gen: <0.143.0>: 0 (0%)
2017-06-27 17:23:28.583 [debug] <0.261.0>@basho_bench_keygen:sequential_int_generator:193 sequential_int_gen: <0.137.0>: 0 (0%)
2017-06-27 17:23:28.583 [debug] <0.262.0>@basho_bench_keygen:sequential_int_generator:193 sequential_int_gen: <0.135.0>: 0 (0%)
2017-06-27 17:23:28.584 [debug] <0.263.0>@basho_bench_keygen:sequential_int_generator:193 sequential_int_gen: <0.133.0>: 0 (0%)
2017-06-27 17:23:28.584 [debug] <0.264.0>@basho_bench_keygen:sequential_int_generator:193 sequential_int_gen: <0.141.0>: 0 (0%)
2017-06-27 17:23:28.584 [debug] <0.265.0>@basho_bench_keygen:sequential_int_generator:193 sequential_int_gen: <0.131.0>: 0 (0%)
2017-06-27 17:23:28.584 [debug] <0.266.0>@basho_bench_keygen:sequential_int_generator:193 sequential_int_gen: <0.129.0>: 0 (0%)
2017-06-27 17:23:28.584 [debug] <0.267.0>@basho_bench_keygen:sequential_int_generator:193 sequential_int_gen: <0.127.0>: 0 (0%)
2017-06-27 17:23:28.584 [debug] <0.268.0>@basho_bench_keygen:sequential_int_generator:193 sequential_int_gen: <0.123.0>: 0 (0%)
2017-06-27 17:23:28.584 [debug] <0.269.0>@basho_bench_keygen:sequential_int_generator:193 sequential_int_gen: <0.121.0>: 0 (0%)
2017-06-27 17:23:28.584 [debug] <0.271.0>@basho_bench_keygen:sequential_int_generator:193 sequential_int_gen: <0.125.0>: 0 (0%)
2017-06-27 17:23:28.584 [debug] <0.270.0>@basho_bench_keygen:sequential_int_generator:193 sequential_int_gen: <0.115.0>: 0 (0%)
2017-06-27 17:23:28.584 [debug] <0.272.0>@basho_bench_keygen:sequential_int_generator:193 sequential_int_gen: <0.117.0>: 0 (0%)
2017-06-27 17:23:28.584 [debug] <0.273.0>@basho_bench_keygen:sequential_int_generator:193 sequential_int_gen: <0.119.0>: 0 (0%)
2017-06-27 17:23:28.584 [debug] <0.274.0>@basho_bench_keygen:sequential_int_generator:193 sequential_int_gen: <0.113.0>: 0 (0%)
2017-06-27 17:23:28.584 [debug] <0.275.0>@basho_bench_keygen:sequential_int_generator:193 sequential_int_gen: <0.111.0>: 0 (0%)
2017-06-27 17:23:28.584 [debug] <0.276.0>@basho_bench_keygen:sequential_int_generator:193 sequential_int_gen: <0.109.0>: 0 (0%)
2017-06-27 17:23:28.584 [debug] <0.277.0>@basho_bench_keygen:sequential_int_generator:193 sequential_int_gen: <0.107.0>: 0 (0%)
2017-06-27 17:23:28.585 [debug] <0.278.0>@basho_bench_keygen:sequential_int_generator:193 sequential_int_gen: <0.105.0>: 0 (0%)
2017-06-27 17:23:28.585 [debug] <0.279.0>@basho_bench_keygen:sequential_int_generator:193 sequential_int_gen: <0.99.0>: 0 (0%)
2017-06-27 17:23:28.585 [debug] <0.280.0>@basho_bench_keygen:sequential_int_generator:193 sequential_int_gen: <0.103.0>: 0 (0%)
2017-06-27 17:23:28.585 [debug] <0.281.0>@basho_bench_keygen:sequential_int_generator:193 sequential_int_gen: <0.101.0>: 0 (0%)
2017-06-27 17:23:28.585 [debug] <0.282.0>@basho_bench_keygen:sequential_int_generator:193 sequential_int_gen: <0.97.0>: 0 (0%)
2017-06-27 17:23:28.585 [debug] <0.283.0>@basho_bench_keygen:sequential_int_generator:193 sequential_int_gen: <0.95.0>: 0 (0%)
2017-06-27 17:23:28.585 [debug] <0.284.0>@basho_bench_keygen:sequential_int_generator:193 sequential_int_gen: <0.93.0>: 0 (0%)
2017-06-27 17:23:28.894 [info] <0.7.0> Application basho_bench started on node nonode@nohost
2017-06-27 17:25:38.274 [info] <0.95.0>@basho_bench_worker:worker_next_op:304 Driver basho_bench_driver_file (<0.95.0>) has requested stop: empty_keygen
2017-06-27 17:25:46.648 [info] <0.193.0>@basho_bench_worker:worker_next_op:304 Driver basho_bench_driver_file (<0.193.0>) has requested stop: empty_keygen
2017-06-27 17:25:48.386 [info] <0.135.0>@basho_bench_worker:worker_next_op:304 Driver basho_bench_driver_file (<0.135.0>) has requested stop: empty_keygen
2017-06-27 17:25:50.950 [info] <0.159.0>@basho_bench_worker:worker_next_op:304 Driver basho_bench_driver_file (<0.159.0>) has requested stop: empty_keygen
2017-06-27 17:25:55.272 [info] <0.179.0>@basho_bench_worker:worker_next_op:304 Driver basho_bench_driver_file (<0.179.0>) has requested stop: empty_keygen
2017-06-27 17:25:58.613 [info] <0.165.0>@basho_bench_worker:worker_next_op:304 Driver basho_bench_driver_file (<0.165.0>) has requested stop: empty_keygen
2017-06-27 17:25:58.774 [info] <0.155.0>@basho_bench_worker:worker_next_op:304 Driver basho_bench_driver_file (<0.155.0>) has requested stop: empty_keygen
2017-06-27 17:26:02.278 [info] <0.191.0>@basho_bench_worker:worker_next_op:304 Driver basho_bench_driver_file (<0.191.0>) has requested stop: empty_keygen
2017-06-27 17:26:02.841 [info] <0.113.0>@basho_bench_worker:worker_next_op:304 Driver basho_bench_driver_file (<0.113.0>) has requested stop: empty_keygen
2017-06-27 17:26:03.872 [info] <0.161.0>@basho_bench_worker:worker_next_op:304 Driver basho_bench_driver_file (<0.161.0>) has requested stop: empty_keygen
2017-06-27 17:26:07.066 [info] <0.111.0>@basho_bench_worker:worker_next_op:304 Driver basho_bench_driver_file (<0.111.0>) has requested stop: empty_keygen
2017-06-27 17:26:07.612 [info] <0.103.0>@basho_bench_worker:worker_next_op:304 Driver basho_bench_driver_file (<0.103.0>) has requested stop: empty_keygen
2017-06-27 17:26:08.227 [info] <0.145.0>@basho_bench_worker:worker_next_op:304 Driver basho_bench_driver_file (<0.145.0>) has requested stop: empty_keygen
2017-06-27 17:26:08.380 [info] <0.147.0>@basho_bench_worker:worker_next_op:304 Driver basho_bench_driver_file (<0.147.0>) has requested stop: empty_keygen
2017-06-27 17:26:08.602 [info] <0.199.0>@basho_bench_worker:worker_next_op:304 Driver basho_bench_driver_file (<0.199.0>) has requested stop: empty_keygen
2017-06-27 17:26:08.943 [info] <0.137.0>@basho_bench_worker:worker_next_op:304 Driver basho_bench_driver_file (<0.137.0>) has requested stop: empty_keygen
2017-06-27 17:26:09.204 [info] <0.109.0>@basho_bench_worker:worker_next_op:304 Driver basho_bench_driver_file (<0.109.0>) has requested stop: empty_keygen
2017-06-27 17:26:10.161 [info] <0.203.0>@basho_bench_worker:worker_next_op:304 Driver basho_bench_driver_file (<0.203.0>) has requested stop: empty_keygen
2017-06-27 17:26:11.252 [info] <0.143.0>@basho_bench_worker:worker_next_op:304 Driver basho_bench_driver_file (<0.143.0>) has requested stop: empty_keygen
2017-06-27 17:26:12.477 [info] <0.107.0>@basho_bench_worker:worker_next_op:304 Driver basho_bench_driver_file (<0.107.0>) has requested stop: empty_keygen
2017-06-27 17:26:13.073 [info] <0.173.0>@basho_bench_worker:worker_next_op:304 Driver basho_bench_driver_file (<0.173.0>) has requested stop: empty_keygen
2017-06-27 17:26:13.403 [info] <0.197.0>@basho_bench_worker:worker_next_op:304 Driver basho_bench_driver_file (<0.197.0>) has requested stop: empty_keygen
2017-06-27 17:26:13.824 [info] <0.169.0>@basho_bench_worker:worker_next_op:304 Driver basho_bench_driver_file (<0.169.0>) has requested stop: empty_keygen
2017-06-27 17:26:14.215 [info] <0.181.0>@basho_bench_worker:worker_next_op:304 Driver basho_bench_driver_file (<0.181.0>) has requested stop: empty_keygen
2017-06-27 17:26:14.607 [info] <0.189.0>@basho_bench_worker:worker_next_op:304 Driver basho_bench_driver_file (<0.189.0>) has requested stop: empty_keygen
2017-06-27 17:26:14.743 [info] <0.211.0>@basho_bench_worker:worker_next_op:304 Driver basho_bench_driver_file (<0.211.0>) has requested stop: empty_keygen
2017-06-27 17:26:15.101 [info] <0.215.0>@basho_bench_worker:worker_next_op:304 Driver basho_bench_driver_file (<0.215.0>) has requested stop: empty_keygen
2017-06-27 17:26:15.527 [info] <0.93.0>@basho_bench_worker:worker_next_op:304 Driver basho_bench_driver_file (<0.93.0>) has requested stop: empty_keygen
2017-06-27 17:26:15.714 [info] <0.129.0>@basho_bench_worker:worker_next_op:304 Driver basho_bench_driver_file (<0.129.0>) has requested stop: empty_keygen
2017-06-27 17:26:15.872 [info] <0.207.0>@basho_bench_worker:worker_next_op:304 Driver basho_bench_driver_file (<0.207.0>) has requested stop: empty_keygen
2017-06-27 17:26:16.009 [info] <0.157.0>@basho_bench_worker:worker_next_op:304 Driver basho_bench_driver_file (<0.157.0>) has requested stop: empty_keygen
2017-06-27 17:26:16.191 [info] <0.133.0>@basho_bench_worker:worker_next_op:304 Driver basho_bench_driver_file (<0.133.0>) has requested stop: empty_keygen
2017-06-27 17:26:17.254 [info] <0.167.0>@basho_bench_worker:worker_next_op:304 Driver basho_bench_driver_file (<0.167.0>) has requested stop: empty_keygen
2017-06-27 17:26:17.390 [info] <0.171.0>@basho_bench_worker:worker_next_op:304 Driver basho_bench_driver_file (<0.171.0>) has requested stop: empty_keygen
2017-06-27 17:26:18.071 [info] <0.213.0>@basho_bench_worker:worker_next_op:304 Driver basho_bench_driver_file (<0.213.0>) has requested stop: empty_keygen
2017-06-27 17:26:18.072 [info] <0.127.0>@basho_bench_worker:worker_next_op:304 Driver basho_bench_driver_file (<0.127.0>) has requested stop: empty_keygen
2017-06-27 17:26:18.452 [info] <0.205.0>@basho_bench_worker:worker_next_op:304 Driver basho_bench_driver_file (<0.205.0>) has requested stop: empty_keygen
2017-06-27 17:26:18.617 [info] <0.187.0>@basho_bench_worker:worker_next_op:304 Driver basho_bench_driver_file (<0.187.0>) has requested stop: empty_keygen
2017-06-27 17:26:19.316 [info] <0.139.0>@basho_bench_worker:worker_next_op:304 Driver basho_bench_driver_file (<0.139.0>) has requested stop: empty_keygen
2017-06-27 17:26:19.440 [info] <0.125.0>@basho_bench_worker:worker_next_op:304 Driver basho_bench_driver_file (<0.125.0>) has requested stop: empty_keygen
2017-06-27 17:26:19.560 [info] <0.119.0>@basho_bench_worker:worker_next_op:304 Driver basho_bench_driver_file (<0.119.0>) has requested stop: empty_keygen
2017-06-27 17:26:19.674 [info] <0.175.0>@basho_bench_worker:worker_next_op:304 Driver basho_bench_driver_file (<0.175.0>) has requested stop: empty_keygen
2017-06-27 17:26:19.674 [info] <0.115.0>@basho_bench_worker:worker_next_op:304 Driver basho_bench_driver_file (<0.115.0>) has requested stop: empty_keygen
2017-06-27 17:26:20.203 [info] <0.163.0>@basho_bench_worker:worker_next_op:304 Driver basho_bench_driver_file (<0.163.0>) has requested stop: empty_keygen
2017-06-27 17:26:20.326 [info] <0.153.0>@basho_bench_worker:worker_next_op:304 Driver basho_bench_driver_file (<0.153.0>) has requested stop: empty_keygen
2017-06-27 17:26:20.373 [info] <0.201.0>@basho_bench_worker:worker_next_op:304 Driver basho_bench_driver_file (<0.201.0>) has requested stop: empty_keygen
2017-06-27 17:26:20.390 [info] <0.121.0>@basho_bench_worker:worker_next_op:304 Driver basho_bench_driver_file (<0.121.0>) has requested stop: empty_keygen
2017-06-27 17:26:20.458 [info] <0.219.0>@basho_bench_worker:worker_next_op:304 Driver basho_bench_driver_file (<0.219.0>) has requested stop: empty_keygen
2017-06-27 17:26:21.361 [info] <0.141.0>@basho_bench_worker:worker_next_op:304 Driver basho_bench_driver_file (<0.141.0>) has requested stop: empty_keygen
2017-06-27 17:26:21.553 [info] <0.131.0>@basho_bench_worker:worker_next_op:304 Driver basho_bench_driver_file (<0.131.0>) has requested stop: empty_keygen
2017-06-27 17:26:21.554 [info] <0.209.0>@basho_bench_worker:worker_next_op:304 Driver basho_bench_driver_file (<0.209.0>) has requested stop: empty_keygen
2017-06-27 17:26:21.906 [info] <0.177.0>@basho_bench_worker:worker_next_op:304 Driver basho_bench_driver_file (<0.177.0>) has requested stop: empty_keygen
2017-06-27 17:26:21.928 [info] <0.183.0>@basho_bench_worker:worker_next_op:304 Driver basho_bench_driver_file (<0.183.0>) has requested stop: empty_keygen
2017-06-27 17:26:22.134 [info] <0.217.0>@basho_bench_worker:worker_next_op:304 Driver basho_bench_driver_file (<0.217.0>) has requested stop: empty_keygen
2017-06-27 17:26:22.424 [info] <0.105.0>@basho_bench_worker:worker_next_op:304 Driver basho_bench_driver_file (<0.105.0>) has requested stop: empty_keygen
2017-06-27 17:26:22.430 [info] <0.149.0>@basho_bench_worker:worker_next_op:304 Driver basho_bench_driver_file (<0.149.0>) has requested stop: empty_keygen
2017-06-27 17:26:22.804 [info] <0.185.0>@basho_bench_worker:worker_next_op:304 Driver basho_bench_driver_file (<0.185.0>) has requested stop: empty_keygen
2017-06-27 17:26:22.833 [info] <0.101.0>@basho_bench_worker:worker_next_op:304 Driver basho_bench_driver_file (<0.101.0>) has requested stop: empty_keygen
2017-06-27 17:26:23.139 [info] <0.151.0>@basho_bench_worker:worker_next_op:304 Driver basho_bench_driver_file (<0.151.0>) has requested stop: empty_keygen
2017-06-27 17:26:23.446 [info] <0.99.0>@basho_bench_worker:worker_next_op:304 Driver basho_bench_driver_file (<0.99.0>) has requested stop: empty_keygen
2017-06-27 17:26:23.463 [info] <0.123.0>@basho_bench_worker:worker_next_op:304 Driver basho_bench_driver_file (<0.123.0>) has requested stop: empty_keygen
2017-06-27 17:26:23.565 [info] <0.195.0>@basho_bench_worker:worker_next_op:304 Driver basho_bench_driver_file (<0.195.0>) has requested stop: empty_keygen
2017-06-27 17:26:23.569 [info] <0.97.0>@basho_bench_worker:worker_next_op:304 Driver basho_bench_driver_file (<0.97.0>) has requested stop: empty_keygen
2017-06-27 17:26:23.612 [info] <0.117.0>@basho_bench_worker:worker_next_op:304 Driver basho_bench_driver_file (<0.117.0>) has requested stop: empty_keygen
2017-06-27 17:26:23.614 [info] <0.83.0>@basho_bench_stats:report_total_errors:357 No Errors.
2017-06-27 17:26:23.614 [info] <0.2.0>@basho_bench:wait_for_stop:194 Test stopped: shutdown
