2017-06-27 11:06:11.607 [debug] <0.54.0>@lager_handler_watcher:94 Lager installed handler {lager_file_backend,
                            "/home/wilson/basho_bench/tests/20170627_110611/error.log"} into lager_event
2017-06-27 11:06:11.607 [debug] <0.56.0>@lager_handler_watcher:94 Lager installed handler {lager_file_backend,
                            "/home/wilson/basho_bench/tests/20170627_110611/console.log"} into lager_event
2017-06-27 11:06:11.607 [debug] <0.58.0>@lager_handler_watcher:94 Lager installed handler error_logger_lager_h into error_logger
2017-06-27 11:06:11.638 [debug] <0.41.0> Supervisor gr_param_sup started gr_param:start_link(gr_lager_default_tracer_params) at pid <0.60.0>
2017-06-27 11:06:11.638 [debug] <0.40.0> Supervisor gr_counter_sup started gr_counter:start_link(gr_lager_default_tracer_counters) at pid <0.61.0>
2017-06-27 11:06:11.639 [debug] <0.42.0> Supervisor gr_manager_sup started gr_manager:start_link(gr_lager_default_tracer_params_mgr, gr_lager_default_tracer_params, []) at pid <0.62.0>
2017-06-27 11:06:11.639 [debug] <0.42.0> Supervisor gr_manager_sup started gr_manager:start_link(gr_lager_default_tracer_counters_mgr, gr_lager_default_tracer_counters, [{input,0},{filter,0},{output,0}]) at pid <0.63.0>
2017-06-27 11:06:12.084 [debug] <0.50.0>@lager_handler_watcher:94 Lager installed handler lager_backend_throttle into lager_event
2017-06-27 11:06:12.097 [info] <0.7.0> Application lager started on node nonode@nohost
2017-06-27 11:06:12.098 [notice] <0.47.0>@lager_file_backend:128 Changed loglevel of /home/wilson/basho_bench/tests/20170627_110611/console.log to debug
2017-06-27 11:06:12.108 [info] <0.2.0>@basho_bench:log_dimensions:253 Est. data size: 0.00 bytes
2017-06-27 11:06:12.151 [debug] <0.72.0> Supervisor sasl_safe_sup started alarm_handler:start_link() at pid <0.73.0>
2017-06-27 11:06:12.152 [debug] <0.72.0> Supervisor sasl_safe_sup started overload:start_link() at pid <0.74.0>
2017-06-27 11:06:12.152 [debug] <0.71.0> Supervisor sasl_sup started supervisor:start_link({local,sasl_safe_sup}, sasl, safe) at pid <0.72.0>
2017-06-27 11:06:12.162 [debug] <0.71.0> Supervisor sasl_sup started release_handler:start_link() at pid <0.75.0>
2017-06-27 11:06:12.162 [info] <0.7.0> Application sasl started on node nonode@nohost
2017-06-27 11:06:12.172 [info] <0.7.0> Application crypto started on node nonode@nohost
2017-06-27 11:06:12.228 [debug] <0.87.0> Supervisor folsom_sup started folsom_sample_slide_sup:start_link() at pid <0.88.0>
2017-06-27 11:06:12.232 [debug] <0.87.0> Supervisor folsom_sup started folsom_meter_timer_server:start_link() at pid <0.89.0>
2017-06-27 11:06:12.237 [debug] <0.87.0> Supervisor folsom_sup started folsom_metrics_histogram_ets:start_link() at pid <0.90.0>
2017-06-27 11:06:12.237 [info] <0.7.0> Application folsom started on node nonode@nohost
2017-06-27 11:06:12.267 [debug] <0.81.0> Supervisor basho_bench_sup started basho_bench_stats:start_link() at pid <0.83.0>
2017-06-27 11:06:12.273 [debug] <0.92.0>@basho_bench_keygen:new:100 ID 1 generating range 0 to 1562
2017-06-27 11:06:12.273 [debug] <0.92.0>@basho_bench_valgen:init_source:102 random source
2017-06-27 11:06:12.289 [debug] <0.81.0> Supervisor basho_bench_sup started basho_bench_worker:start_link(basho_bench_worker_1, 1) at pid <0.92.0>
2017-06-27 11:06:12.289 [debug] <0.94.0>@basho_bench_keygen:new:100 ID 2 generating range 1562 to 3124
2017-06-27 11:06:12.290 [debug] <0.81.0> Supervisor basho_bench_sup started basho_bench_worker:start_link(basho_bench_worker_2, 2) at pid <0.94.0>
2017-06-27 11:06:12.290 [debug] <0.96.0>@basho_bench_keygen:new:100 ID 3 generating range 3124 to 4686
2017-06-27 11:06:12.290 [debug] <0.98.0>@basho_bench_keygen:new:100 ID 4 generating range 4686 to 6248
2017-06-27 11:06:12.290 [debug] <0.81.0> Supervisor basho_bench_sup started basho_bench_worker:start_link(basho_bench_worker_3, 3) at pid <0.96.0>
2017-06-27 11:06:12.291 [debug] <0.100.0>@basho_bench_keygen:new:100 ID 5 generating range 6248 to 7810
2017-06-27 11:06:12.291 [debug] <0.81.0> Supervisor basho_bench_sup started basho_bench_worker:start_link(basho_bench_worker_4, 4) at pid <0.98.0>
2017-06-27 11:06:12.292 [debug] <0.102.0>@basho_bench_keygen:new:100 ID 6 generating range 7810 to 9372
2017-06-27 11:06:12.292 [debug] <0.81.0> Supervisor basho_bench_sup started basho_bench_worker:start_link(basho_bench_worker_5, 5) at pid <0.100.0>
2017-06-27 11:06:12.292 [debug] <0.104.0>@basho_bench_keygen:new:100 ID 7 generating range 9372 to 10934
2017-06-27 11:06:12.292 [debug] <0.81.0> Supervisor basho_bench_sup started basho_bench_worker:start_link(basho_bench_worker_6, 6) at pid <0.102.0>
2017-06-27 11:06:12.293 [debug] <0.106.0>@basho_bench_keygen:new:100 ID 8 generating range 10934 to 12496
2017-06-27 11:06:12.293 [debug] <0.81.0> Supervisor basho_bench_sup started basho_bench_worker:start_link(basho_bench_worker_7, 7) at pid <0.104.0>
2017-06-27 11:06:12.293 [debug] <0.108.0>@basho_bench_keygen:new:100 ID 9 generating range 12496 to 14058
2017-06-27 11:06:12.293 [debug] <0.81.0> Supervisor basho_bench_sup started basho_bench_worker:start_link(basho_bench_worker_8, 8) at pid <0.106.0>
2017-06-27 11:06:12.294 [debug] <0.110.0>@basho_bench_keygen:new:100 ID 10 generating range 14058 to 15620
2017-06-27 11:06:12.294 [debug] <0.81.0> Supervisor basho_bench_sup started basho_bench_worker:start_link(basho_bench_worker_9, 9) at pid <0.108.0>
2017-06-27 11:06:12.294 [debug] <0.112.0>@basho_bench_keygen:new:100 ID 11 generating range 15620 to 17182
2017-06-27 11:06:12.294 [debug] <0.81.0> Supervisor basho_bench_sup started basho_bench_worker:start_link(basho_bench_worker_10, 10) at pid <0.110.0>
2017-06-27 11:06:12.295 [debug] <0.114.0>@basho_bench_keygen:new:100 ID 12 generating range 17182 to 18744
2017-06-27 11:06:12.295 [debug] <0.81.0> Supervisor basho_bench_sup started basho_bench_worker:start_link(basho_bench_worker_11, 11) at pid <0.112.0>
2017-06-27 11:06:12.296 [debug] <0.116.0>@basho_bench_keygen:new:100 ID 13 generating range 18744 to 20306
2017-06-27 11:06:12.296 [debug] <0.81.0> Supervisor basho_bench_sup started basho_bench_worker:start_link(basho_bench_worker_12, 12) at pid <0.114.0>
2017-06-27 11:06:12.296 [debug] <0.118.0>@basho_bench_keygen:new:100 ID 14 generating range 20306 to 21868
2017-06-27 11:06:12.296 [debug] <0.81.0> Supervisor basho_bench_sup started basho_bench_worker:start_link(basho_bench_worker_13, 13) at pid <0.116.0>
2017-06-27 11:06:12.297 [debug] <0.120.0>@basho_bench_keygen:new:100 ID 15 generating range 21868 to 23430
2017-06-27 11:06:12.297 [debug] <0.81.0> Supervisor basho_bench_sup started basho_bench_worker:start_link(basho_bench_worker_14, 14) at pid <0.118.0>
2017-06-27 11:06:12.297 [debug] <0.122.0>@basho_bench_keygen:new:100 ID 16 generating range 23430 to 24992
2017-06-27 11:06:12.297 [debug] <0.81.0> Supervisor basho_bench_sup started basho_bench_worker:start_link(basho_bench_worker_15, 15) at pid <0.120.0>
2017-06-27 11:06:12.298 [debug] <0.124.0>@basho_bench_keygen:new:100 ID 17 generating range 24992 to 26554
2017-06-27 11:06:12.298 [debug] <0.81.0> Supervisor basho_bench_sup started basho_bench_worker:start_link(basho_bench_worker_16, 16) at pid <0.122.0>
2017-06-27 11:06:12.298 [debug] <0.126.0>@basho_bench_keygen:new:100 ID 18 generating range 26554 to 28116
2017-06-27 11:06:12.298 [debug] <0.81.0> Supervisor basho_bench_sup started basho_bench_worker:start_link(basho_bench_worker_17, 17) at pid <0.124.0>
2017-06-27 11:06:12.299 [debug] <0.128.0>@basho_bench_keygen:new:100 ID 19 generating range 28116 to 29678
2017-06-27 11:06:12.299 [debug] <0.81.0> Supervisor basho_bench_sup started basho_bench_worker:start_link(basho_bench_worker_18, 18) at pid <0.126.0>
2017-06-27 11:06:12.300 [debug] <0.130.0>@basho_bench_keygen:new:100 ID 20 generating range 29678 to 31240
2017-06-27 11:06:12.300 [debug] <0.81.0> Supervisor basho_bench_sup started basho_bench_worker:start_link(basho_bench_worker_19, 19) at pid <0.128.0>
2017-06-27 11:06:12.300 [debug] <0.132.0>@basho_bench_keygen:new:100 ID 21 generating range 31240 to 32802
2017-06-27 11:06:12.300 [debug] <0.81.0> Supervisor basho_bench_sup started basho_bench_worker:start_link(basho_bench_worker_20, 20) at pid <0.130.0>
2017-06-27 11:06:12.301 [debug] <0.134.0>@basho_bench_keygen:new:100 ID 22 generating range 32802 to 34364
2017-06-27 11:06:12.301 [debug] <0.81.0> Supervisor basho_bench_sup started basho_bench_worker:start_link(basho_bench_worker_21, 21) at pid <0.132.0>
2017-06-27 11:06:12.301 [debug] <0.136.0>@basho_bench_keygen:new:100 ID 23 generating range 34364 to 35926
2017-06-27 11:06:12.301 [debug] <0.81.0> Supervisor basho_bench_sup started basho_bench_worker:start_link(basho_bench_worker_22, 22) at pid <0.134.0>
2017-06-27 11:06:12.302 [debug] <0.138.0>@basho_bench_keygen:new:100 ID 24 generating range 35926 to 37488
2017-06-27 11:06:12.302 [debug] <0.81.0> Supervisor basho_bench_sup started basho_bench_worker:start_link(basho_bench_worker_23, 23) at pid <0.136.0>
2017-06-27 11:06:12.303 [debug] <0.140.0>@basho_bench_keygen:new:100 ID 25 generating range 37488 to 39050
2017-06-27 11:06:12.303 [debug] <0.81.0> Supervisor basho_bench_sup started basho_bench_worker:start_link(basho_bench_worker_24, 24) at pid <0.138.0>
2017-06-27 11:06:12.303 [debug] <0.142.0>@basho_bench_keygen:new:100 ID 26 generating range 39050 to 40612
2017-06-27 11:06:12.303 [debug] <0.81.0> Supervisor basho_bench_sup started basho_bench_worker:start_link(basho_bench_worker_25, 25) at pid <0.140.0>
2017-06-27 11:06:12.304 [debug] <0.144.0>@basho_bench_keygen:new:100 ID 27 generating range 40612 to 42174
2017-06-27 11:06:12.304 [debug] <0.81.0> Supervisor basho_bench_sup started basho_bench_worker:start_link(basho_bench_worker_26, 26) at pid <0.142.0>
2017-06-27 11:06:12.304 [debug] <0.81.0> Supervisor basho_bench_sup started basho_bench_worker:start_link(basho_bench_worker_27, 27) at pid <0.144.0>
2017-06-27 11:06:12.304 [debug] <0.146.0>@basho_bench_keygen:new:100 ID 28 generating range 42174 to 43736
2017-06-27 11:06:12.305 [debug] <0.148.0>@basho_bench_keygen:new:100 ID 29 generating range 43736 to 45298
2017-06-27 11:06:12.305 [debug] <0.81.0> Supervisor basho_bench_sup started basho_bench_worker:start_link(basho_bench_worker_28, 28) at pid <0.146.0>
2017-06-27 11:06:12.305 [debug] <0.150.0>@basho_bench_keygen:new:100 ID 30 generating range 45298 to 46860
2017-06-27 11:06:12.305 [debug] <0.81.0> Supervisor basho_bench_sup started basho_bench_worker:start_link(basho_bench_worker_29, 29) at pid <0.148.0>
2017-06-27 11:06:12.306 [debug] <0.152.0>@basho_bench_keygen:new:100 ID 31 generating range 46860 to 48422
2017-06-27 11:06:12.306 [debug] <0.81.0> Supervisor basho_bench_sup started basho_bench_worker:start_link(basho_bench_worker_30, 30) at pid <0.150.0>
2017-06-27 11:06:12.306 [debug] <0.81.0> Supervisor basho_bench_sup started basho_bench_worker:start_link(basho_bench_worker_31, 31) at pid <0.152.0>
2017-06-27 11:06:12.306 [debug] <0.154.0>@basho_bench_keygen:new:100 ID 32 generating range 48422 to 49984
2017-06-27 11:06:12.307 [debug] <0.156.0>@basho_bench_keygen:new:100 ID 33 generating range 49984 to 51546
2017-06-27 11:06:12.307 [debug] <0.81.0> Supervisor basho_bench_sup started basho_bench_worker:start_link(basho_bench_worker_32, 32) at pid <0.154.0>
2017-06-27 11:06:12.307 [debug] <0.158.0>@basho_bench_keygen:new:100 ID 34 generating range 51546 to 53108
2017-06-27 11:06:12.307 [debug] <0.81.0> Supervisor basho_bench_sup started basho_bench_worker:start_link(basho_bench_worker_33, 33) at pid <0.156.0>
2017-06-27 11:06:12.308 [debug] <0.160.0>@basho_bench_keygen:new:100 ID 35 generating range 53108 to 54670
2017-06-27 11:06:12.308 [debug] <0.81.0> Supervisor basho_bench_sup started basho_bench_worker:start_link(basho_bench_worker_34, 34) at pid <0.158.0>
2017-06-27 11:06:12.308 [debug] <0.162.0>@basho_bench_keygen:new:100 ID 36 generating range 54670 to 56232
2017-06-27 11:06:12.308 [debug] <0.81.0> Supervisor basho_bench_sup started basho_bench_worker:start_link(basho_bench_worker_35, 35) at pid <0.160.0>
2017-06-27 11:06:12.309 [debug] <0.164.0>@basho_bench_keygen:new:100 ID 37 generating range 56232 to 57794
2017-06-27 11:06:12.309 [debug] <0.81.0> Supervisor basho_bench_sup started basho_bench_worker:start_link(basho_bench_worker_36, 36) at pid <0.162.0>
2017-06-27 11:06:12.309 [debug] <0.166.0>@basho_bench_keygen:new:100 ID 38 generating range 57794 to 59356
2017-06-27 11:06:12.309 [debug] <0.81.0> Supervisor basho_bench_sup started basho_bench_worker:start_link(basho_bench_worker_37, 37) at pid <0.164.0>
2017-06-27 11:06:12.310 [debug] <0.168.0>@basho_bench_keygen:new:100 ID 39 generating range 59356 to 60918
2017-06-27 11:06:12.310 [debug] <0.81.0> Supervisor basho_bench_sup started basho_bench_worker:start_link(basho_bench_worker_38, 38) at pid <0.166.0>
2017-06-27 11:06:12.311 [debug] <0.170.0>@basho_bench_keygen:new:100 ID 40 generating range 60918 to 62480
2017-06-27 11:06:12.311 [debug] <0.81.0> Supervisor basho_bench_sup started basho_bench_worker:start_link(basho_bench_worker_39, 39) at pid <0.168.0>
2017-06-27 11:06:12.311 [debug] <0.172.0>@basho_bench_keygen:new:100 ID 41 generating range 62480 to 64042
2017-06-27 11:06:12.311 [debug] <0.81.0> Supervisor basho_bench_sup started basho_bench_worker:start_link(basho_bench_worker_40, 40) at pid <0.170.0>
2017-06-27 11:06:12.312 [debug] <0.174.0>@basho_bench_keygen:new:100 ID 42 generating range 64042 to 65604
2017-06-27 11:06:12.312 [debug] <0.81.0> Supervisor basho_bench_sup started basho_bench_worker:start_link(basho_bench_worker_41, 41) at pid <0.172.0>
2017-06-27 11:06:12.312 [debug] <0.176.0>@basho_bench_keygen:new:100 ID 43 generating range 65604 to 67166
2017-06-27 11:06:12.312 [debug] <0.81.0> Supervisor basho_bench_sup started basho_bench_worker:start_link(basho_bench_worker_42, 42) at pid <0.174.0>
2017-06-27 11:06:12.313 [debug] <0.178.0>@basho_bench_keygen:new:100 ID 44 generating range 67166 to 68728
2017-06-27 11:06:12.313 [debug] <0.81.0> Supervisor basho_bench_sup started basho_bench_worker:start_link(basho_bench_worker_43, 43) at pid <0.176.0>
2017-06-27 11:06:12.313 [debug] <0.180.0>@basho_bench_keygen:new:100 ID 45 generating range 68728 to 70290
2017-06-27 11:06:12.313 [debug] <0.81.0> Supervisor basho_bench_sup started basho_bench_worker:start_link(basho_bench_worker_44, 44) at pid <0.178.0>
2017-06-27 11:06:12.314 [debug] <0.182.0>@basho_bench_keygen:new:100 ID 46 generating range 70290 to 71852
2017-06-27 11:06:12.314 [debug] <0.81.0> Supervisor basho_bench_sup started basho_bench_worker:start_link(basho_bench_worker_45, 45) at pid <0.180.0>
2017-06-27 11:06:12.314 [debug] <0.184.0>@basho_bench_keygen:new:100 ID 47 generating range 71852 to 73414
2017-06-27 11:06:12.315 [debug] <0.81.0> Supervisor basho_bench_sup started basho_bench_worker:start_link(basho_bench_worker_46, 46) at pid <0.182.0>
2017-06-27 11:06:12.315 [debug] <0.186.0>@basho_bench_keygen:new:100 ID 48 generating range 73414 to 74976
2017-06-27 11:06:12.315 [debug] <0.81.0> Supervisor basho_bench_sup started basho_bench_worker:start_link(basho_bench_worker_47, 47) at pid <0.184.0>
2017-06-27 11:06:12.316 [debug] <0.188.0>@basho_bench_keygen:new:100 ID 49 generating range 74976 to 76538
2017-06-27 11:06:12.316 [debug] <0.81.0> Supervisor basho_bench_sup started basho_bench_worker:start_link(basho_bench_worker_48, 48) at pid <0.186.0>
2017-06-27 11:06:12.316 [debug] <0.190.0>@basho_bench_keygen:new:100 ID 50 generating range 76538 to 78100
2017-06-27 11:06:12.316 [debug] <0.81.0> Supervisor basho_bench_sup started basho_bench_worker:start_link(basho_bench_worker_49, 49) at pid <0.188.0>
2017-06-27 11:06:12.317 [debug] <0.192.0>@basho_bench_keygen:new:100 ID 51 generating range 78100 to 79662
2017-06-27 11:06:12.317 [debug] <0.81.0> Supervisor basho_bench_sup started basho_bench_worker:start_link(basho_bench_worker_50, 50) at pid <0.190.0>
2017-06-27 11:06:12.317 [debug] <0.194.0>@basho_bench_keygen:new:100 ID 52 generating range 79662 to 81224
2017-06-27 11:06:12.317 [debug] <0.81.0> Supervisor basho_bench_sup started basho_bench_worker:start_link(basho_bench_worker_51, 51) at pid <0.192.0>
2017-06-27 11:06:12.318 [debug] <0.196.0>@basho_bench_keygen:new:100 ID 53 generating range 81224 to 82786
2017-06-27 11:06:12.318 [debug] <0.81.0> Supervisor basho_bench_sup started basho_bench_worker:start_link(basho_bench_worker_52, 52) at pid <0.194.0>
2017-06-27 11:06:12.318 [debug] <0.198.0>@basho_bench_keygen:new:100 ID 54 generating range 82786 to 84348
2017-06-27 11:06:12.318 [debug] <0.81.0> Supervisor basho_bench_sup started basho_bench_worker:start_link(basho_bench_worker_53, 53) at pid <0.196.0>
2017-06-27 11:06:12.319 [debug] <0.200.0>@basho_bench_keygen:new:100 ID 55 generating range 84348 to 85910
2017-06-27 11:06:12.319 [debug] <0.81.0> Supervisor basho_bench_sup started basho_bench_worker:start_link(basho_bench_worker_54, 54) at pid <0.198.0>
2017-06-27 11:06:12.319 [debug] <0.202.0>@basho_bench_keygen:new:100 ID 56 generating range 85910 to 87472
2017-06-27 11:06:12.319 [debug] <0.81.0> Supervisor basho_bench_sup started basho_bench_worker:start_link(basho_bench_worker_55, 55) at pid <0.200.0>
2017-06-27 11:06:12.320 [debug] <0.204.0>@basho_bench_keygen:new:100 ID 57 generating range 87472 to 89034
2017-06-27 11:06:12.320 [debug] <0.81.0> Supervisor basho_bench_sup started basho_bench_worker:start_link(basho_bench_worker_56, 56) at pid <0.202.0>
2017-06-27 11:06:12.320 [debug] <0.206.0>@basho_bench_keygen:new:100 ID 58 generating range 89034 to 90596
2017-06-27 11:06:12.320 [debug] <0.81.0> Supervisor basho_bench_sup started basho_bench_worker:start_link(basho_bench_worker_57, 57) at pid <0.204.0>
2017-06-27 11:06:12.321 [debug] <0.208.0>@basho_bench_keygen:new:100 ID 59 generating range 90596 to 92158
2017-06-27 11:06:12.321 [debug] <0.81.0> Supervisor basho_bench_sup started basho_bench_worker:start_link(basho_bench_worker_58, 58) at pid <0.206.0>
2017-06-27 11:06:12.321 [debug] <0.210.0>@basho_bench_keygen:new:100 ID 60 generating range 92158 to 93720
2017-06-27 11:06:12.321 [debug] <0.81.0> Supervisor basho_bench_sup started basho_bench_worker:start_link(basho_bench_worker_59, 59) at pid <0.208.0>
2017-06-27 11:06:12.322 [debug] <0.212.0>@basho_bench_keygen:new:100 ID 61 generating range 93720 to 95282
2017-06-27 11:06:12.322 [debug] <0.81.0> Supervisor basho_bench_sup started basho_bench_worker:start_link(basho_bench_worker_60, 60) at pid <0.210.0>
2017-06-27 11:06:12.323 [debug] <0.214.0>@basho_bench_keygen:new:100 ID 62 generating range 95282 to 96844
2017-06-27 11:06:12.323 [debug] <0.81.0> Supervisor basho_bench_sup started basho_bench_worker:start_link(basho_bench_worker_61, 61) at pid <0.212.0>
2017-06-27 11:06:12.323 [debug] <0.216.0>@basho_bench_keygen:new:100 ID 63 generating range 96844 to 98406
2017-06-27 11:06:12.323 [debug] <0.81.0> Supervisor basho_bench_sup started basho_bench_worker:start_link(basho_bench_worker_62, 62) at pid <0.214.0>
2017-06-27 11:06:12.324 [debug] <0.218.0>@basho_bench_keygen:new:100 ID 64 generating range 98406 to 100000
2017-06-27 11:06:12.324 [debug] <0.81.0> Supervisor basho_bench_sup started basho_bench_worker:start_link(basho_bench_worker_63, 63) at pid <0.216.0>
2017-06-27 11:06:12.324 [debug] <0.81.0> Supervisor basho_bench_sup started basho_bench_worker:start_link(basho_bench_worker_64, 64) at pid <0.218.0>
2017-06-27 11:06:12.325 [debug] <0.26.0> Supervisor kernel_safe_sup started timer:start_link() at pid <0.220.0>
2017-06-27 11:06:12.331 [info] <0.219.0>@basho_bench_worker:worker_idle_loop:237 Starting max worker: <0.219.0> on nonode@nohost
2017-06-27 11:06:12.331 [info] <0.217.0>@basho_bench_worker:worker_idle_loop:237 Starting max worker: <0.217.0> on nonode@nohost
2017-06-27 11:06:12.331 [debug] <0.221.0>@basho_bench_keygen:sequential_int_generator:193 sequential_int_gen: <0.219.0>: 0 (0%)
2017-06-27 11:06:12.331 [info] <0.215.0>@basho_bench_worker:worker_idle_loop:237 Starting max worker: <0.215.0> on nonode@nohost
2017-06-27 11:06:12.331 [debug] <0.222.0>@basho_bench_keygen:sequential_int_generator:193 sequential_int_gen: <0.217.0>: 0 (0%)
2017-06-27 11:06:12.331 [info] <0.213.0>@basho_bench_worker:worker_idle_loop:237 Starting max worker: <0.213.0> on nonode@nohost
2017-06-27 11:06:12.331 [debug] <0.223.0>@basho_bench_keygen:sequential_int_generator:193 sequential_int_gen: <0.215.0>: 0 (0%)
2017-06-27 11:06:12.332 [debug] <0.224.0>@basho_bench_keygen:sequential_int_generator:193 sequential_int_gen: <0.213.0>: 0 (0%)
2017-06-27 11:06:12.332 [info] <0.211.0>@basho_bench_worker:worker_idle_loop:237 Starting max worker: <0.211.0> on nonode@nohost
2017-06-27 11:06:12.332 [info] <0.209.0>@basho_bench_worker:worker_idle_loop:237 Starting max worker: <0.209.0> on nonode@nohost
2017-06-27 11:06:12.332 [debug] <0.225.0>@basho_bench_keygen:sequential_int_generator:193 sequential_int_gen: <0.209.0>: 0 (0%)
2017-06-27 11:06:12.332 [info] <0.207.0>@basho_bench_worker:worker_idle_loop:237 Starting max worker: <0.207.0> on nonode@nohost
2017-06-27 11:06:12.332 [debug] <0.226.0>@basho_bench_keygen:sequential_int_generator:193 sequential_int_gen: <0.211.0>: 0 (0%)
2017-06-27 11:06:12.332 [debug] <0.227.0>@basho_bench_keygen:sequential_int_generator:193 sequential_int_gen: <0.207.0>: 0 (0%)
2017-06-27 11:06:12.332 [info] <0.205.0>@basho_bench_worker:worker_idle_loop:237 Starting max worker: <0.205.0> on nonode@nohost
2017-06-27 11:06:12.332 [debug] <0.228.0>@basho_bench_keygen:sequential_int_generator:193 sequential_int_gen: <0.205.0>: 0 (0%)
2017-06-27 11:06:12.332 [info] <0.203.0>@basho_bench_worker:worker_idle_loop:237 Starting max worker: <0.203.0> on nonode@nohost
2017-06-27 11:06:12.332 [debug] <0.229.0>@basho_bench_keygen:sequential_int_generator:193 sequential_int_gen: <0.203.0>: 0 (0%)
2017-06-27 11:06:12.332 [info] <0.201.0>@basho_bench_worker:worker_idle_loop:237 Starting max worker: <0.201.0> on nonode@nohost
2017-06-27 11:06:12.332 [info] <0.199.0>@basho_bench_worker:worker_idle_loop:237 Starting max worker: <0.199.0> on nonode@nohost
2017-06-27 11:06:12.332 [debug] <0.230.0>@basho_bench_keygen:sequential_int_generator:193 sequential_int_gen: <0.201.0>: 0 (0%)
2017-06-27 11:06:12.332 [debug] <0.231.0>@basho_bench_keygen:sequential_int_generator:193 sequential_int_gen: <0.199.0>: 0 (0%)
2017-06-27 11:06:12.332 [info] <0.197.0>@basho_bench_worker:worker_idle_loop:237 Starting max worker: <0.197.0> on nonode@nohost
2017-06-27 11:06:12.332 [info] <0.195.0>@basho_bench_worker:worker_idle_loop:237 Starting max worker: <0.195.0> on nonode@nohost
2017-06-27 11:06:12.332 [info] <0.191.0>@basho_bench_worker:worker_idle_loop:237 Starting max worker: <0.191.0> on nonode@nohost
2017-06-27 11:06:12.332 [debug] <0.233.0>@basho_bench_keygen:sequential_int_generator:193 sequential_int_gen: <0.195.0>: 0 (0%)
2017-06-27 11:06:12.332 [info] <0.189.0>@basho_bench_worker:worker_idle_loop:237 Starting max worker: <0.189.0> on nonode@nohost
2017-06-27 11:06:12.332 [debug] <0.232.0>@basho_bench_keygen:sequential_int_generator:193 sequential_int_gen: <0.197.0>: 0 (0%)
2017-06-27 11:06:12.332 [debug] <0.234.0>@basho_bench_keygen:sequential_int_generator:193 sequential_int_gen: <0.191.0>: 0 (0%)
2017-06-27 11:06:12.332 [debug] <0.235.0>@basho_bench_keygen:sequential_int_generator:193 sequential_int_gen: <0.189.0>: 0 (0%)
2017-06-27 11:06:12.332 [info] <0.193.0>@basho_bench_worker:worker_idle_loop:237 Starting max worker: <0.193.0> on nonode@nohost
2017-06-27 11:06:12.333 [info] <0.187.0>@basho_bench_worker:worker_idle_loop:237 Starting max worker: <0.187.0> on nonode@nohost
2017-06-27 11:06:12.333 [info] <0.183.0>@basho_bench_worker:worker_idle_loop:237 Starting max worker: <0.183.0> on nonode@nohost
2017-06-27 11:06:12.333 [debug] <0.236.0>@basho_bench_keygen:sequential_int_generator:193 sequential_int_gen: <0.187.0>: 0 (0%)
2017-06-27 11:06:12.333 [info] <0.185.0>@basho_bench_worker:worker_idle_loop:237 Starting max worker: <0.185.0> on nonode@nohost
2017-06-27 11:06:12.333 [debug] <0.237.0>@basho_bench_keygen:sequential_int_generator:193 sequential_int_gen: <0.193.0>: 0 (0%)
2017-06-27 11:06:12.333 [info] <0.181.0>@basho_bench_worker:worker_idle_loop:237 Starting max worker: <0.181.0> on nonode@nohost
2017-06-27 11:06:12.333 [info] <0.179.0>@basho_bench_worker:worker_idle_loop:237 Starting max worker: <0.179.0> on nonode@nohost
2017-06-27 11:06:12.333 [debug] <0.238.0>@basho_bench_keygen:sequential_int_generator:193 sequential_int_gen: <0.183.0>: 0 (0%)
2017-06-27 11:06:12.333 [info] <0.175.0>@basho_bench_worker:worker_idle_loop:237 Starting max worker: <0.175.0> on nonode@nohost
2017-06-27 11:06:12.333 [info] <0.177.0>@basho_bench_worker:worker_idle_loop:237 Starting max worker: <0.177.0> on nonode@nohost
2017-06-27 11:06:12.333 [info] <0.171.0>@basho_bench_worker:worker_idle_loop:237 Starting max worker: <0.171.0> on nonode@nohost
2017-06-27 11:06:12.333 [info] <0.167.0>@basho_bench_worker:worker_idle_loop:237 Starting max worker: <0.167.0> on nonode@nohost
2017-06-27 11:06:12.333 [debug] <0.239.0>@basho_bench_keygen:sequential_int_generator:193 sequential_int_gen: <0.185.0>: 0 (0%)
2017-06-27 11:06:12.333 [info] <0.169.0>@basho_bench_worker:worker_idle_loop:237 Starting max worker: <0.169.0> on nonode@nohost
2017-06-27 11:06:12.333 [info] <0.165.0>@basho_bench_worker:worker_idle_loop:237 Starting max worker: <0.165.0> on nonode@nohost
2017-06-27 11:06:12.333 [info] <0.173.0>@basho_bench_worker:worker_idle_loop:237 Starting max worker: <0.173.0> on nonode@nohost
2017-06-27 11:06:12.333 [info] <0.159.0>@basho_bench_worker:worker_idle_loop:237 Starting max worker: <0.159.0> on nonode@nohost
2017-06-27 11:06:12.333 [info] <0.161.0>@basho_bench_worker:worker_idle_loop:237 Starting max worker: <0.161.0> on nonode@nohost
2017-06-27 11:06:12.333 [info] <0.157.0>@basho_bench_worker:worker_idle_loop:237 Starting max worker: <0.157.0> on nonode@nohost
2017-06-27 11:06:12.333 [info] <0.163.0>@basho_bench_worker:worker_idle_loop:237 Starting max worker: <0.163.0> on nonode@nohost
2017-06-27 11:06:12.333 [info] <0.155.0>@basho_bench_worker:worker_idle_loop:237 Starting max worker: <0.155.0> on nonode@nohost
2017-06-27 11:06:12.333 [info] <0.149.0>@basho_bench_worker:worker_idle_loop:237 Starting max worker: <0.149.0> on nonode@nohost
2017-06-27 11:06:12.333 [info] <0.117.0>@basho_bench_worker:worker_idle_loop:237 Starting max worker: <0.117.0> on nonode@nohost
2017-06-27 11:06:12.333 [info] <0.145.0>@basho_bench_worker:worker_idle_loop:237 Starting max worker: <0.145.0> on nonode@nohost
2017-06-27 11:06:12.333 [info] <0.141.0>@basho_bench_worker:worker_idle_loop:237 Starting max worker: <0.141.0> on nonode@nohost
2017-06-27 11:06:12.333 [debug] <0.240.0>@basho_bench_keygen:sequential_int_generator:193 sequential_int_gen: <0.177.0>: 0 (0%)
2017-06-27 11:06:12.333 [info] <0.153.0>@basho_bench_worker:worker_idle_loop:237 Starting max worker: <0.153.0> on nonode@nohost
2017-06-27 11:06:12.333 [info] <0.143.0>@basho_bench_worker:worker_idle_loop:237 Starting max worker: <0.143.0> on nonode@nohost
2017-06-27 11:06:12.333 [info] <0.151.0>@basho_bench_worker:worker_idle_loop:237 Starting max worker: <0.151.0> on nonode@nohost
2017-06-27 11:06:12.333 [info] <0.139.0>@basho_bench_worker:worker_idle_loop:237 Starting max worker: <0.139.0> on nonode@nohost
2017-06-27 11:06:12.333 [info] <0.147.0>@basho_bench_worker:worker_idle_loop:237 Starting max worker: <0.147.0> on nonode@nohost
2017-06-27 11:06:12.333 [info] <0.129.0>@basho_bench_worker:worker_idle_loop:237 Starting max worker: <0.129.0> on nonode@nohost
2017-06-27 11:06:12.333 [info] <0.133.0>@basho_bench_worker:worker_idle_loop:237 Starting max worker: <0.133.0> on nonode@nohost
2017-06-27 11:06:12.333 [debug] <0.241.0>@basho_bench_keygen:sequential_int_generator:193 sequential_int_gen: <0.169.0>: 0 (0%)
2017-06-27 11:06:12.333 [info] <0.135.0>@basho_bench_worker:worker_idle_loop:237 Starting max worker: <0.135.0> on nonode@nohost
2017-06-27 11:06:12.333 [info] <0.137.0>@basho_bench_worker:worker_idle_loop:237 Starting max worker: <0.137.0> on nonode@nohost
2017-06-27 11:06:12.333 [info] <0.125.0>@basho_bench_worker:worker_idle_loop:237 Starting max worker: <0.125.0> on nonode@nohost
2017-06-27 11:06:12.333 [info] <0.131.0>@basho_bench_worker:worker_idle_loop:237 Starting max worker: <0.131.0> on nonode@nohost
2017-06-27 11:06:12.333 [info] <0.121.0>@basho_bench_worker:worker_idle_loop:237 Starting max worker: <0.121.0> on nonode@nohost
2017-06-27 11:06:12.333 [info] <0.123.0>@basho_bench_worker:worker_idle_loop:237 Starting max worker: <0.123.0> on nonode@nohost
2017-06-27 11:06:12.333 [debug] <0.242.0>@basho_bench_keygen:sequential_int_generator:193 sequential_int_gen: <0.181.0>: 0 (0%)
2017-06-27 11:06:12.333 [info] <0.119.0>@basho_bench_worker:worker_idle_loop:237 Starting max worker: <0.119.0> on nonode@nohost
2017-06-27 11:06:12.333 [debug] <0.243.0>@basho_bench_keygen:sequential_int_generator:193 sequential_int_gen: <0.175.0>: 0 (0%)
2017-06-27 11:06:12.333 [info] <0.127.0>@basho_bench_worker:worker_idle_loop:237 Starting max worker: <0.127.0> on nonode@nohost
2017-06-27 11:06:12.333 [debug] <0.245.0>@basho_bench_keygen:sequential_int_generator:193 sequential_int_gen: <0.171.0>: 0 (0%)
2017-06-27 11:06:12.333 [debug] <0.244.0>@basho_bench_keygen:sequential_int_generator:193 sequential_int_gen: <0.179.0>: 0 (0%)
2017-06-27 11:06:12.333 [info] <0.111.0>@basho_bench_worker:worker_idle_loop:237 Starting max worker: <0.111.0> on nonode@nohost
2017-06-27 11:06:12.333 [info] <0.115.0>@basho_bench_worker:worker_idle_loop:237 Starting max worker: <0.115.0> on nonode@nohost
2017-06-27 11:06:12.333 [debug] <0.246.0>@basho_bench_keygen:sequential_int_generator:193 sequential_int_gen: <0.167.0>: 0 (0%)
2017-06-27 11:06:12.333 [info] <0.113.0>@basho_bench_worker:worker_idle_loop:237 Starting max worker: <0.113.0> on nonode@nohost
2017-06-27 11:06:12.333 [info] <0.105.0>@basho_bench_worker:worker_idle_loop:237 Starting max worker: <0.105.0> on nonode@nohost
2017-06-27 11:06:12.333 [info] <0.109.0>@basho_bench_worker:worker_idle_loop:237 Starting max worker: <0.109.0> on nonode@nohost
2017-06-27 11:06:12.333 [info] <0.107.0>@basho_bench_worker:worker_idle_loop:237 Starting max worker: <0.107.0> on nonode@nohost
2017-06-27 11:06:12.333 [info] <0.99.0>@basho_bench_worker:worker_idle_loop:237 Starting max worker: <0.99.0> on nonode@nohost
2017-06-27 11:06:12.333 [info] <0.101.0>@basho_bench_worker:worker_idle_loop:237 Starting max worker: <0.101.0> on nonode@nohost
2017-06-27 11:06:12.333 [info] <0.103.0>@basho_bench_worker:worker_idle_loop:237 Starting max worker: <0.103.0> on nonode@nohost
2017-06-27 11:06:12.333 [info] <0.97.0>@basho_bench_worker:worker_idle_loop:237 Starting max worker: <0.97.0> on nonode@nohost
2017-06-27 11:06:12.334 [info] <0.93.0>@basho_bench_worker:worker_idle_loop:237 Starting max worker: <0.93.0> on nonode@nohost
2017-06-27 11:06:12.334 [info] <0.95.0>@basho_bench_worker:worker_idle_loop:237 Starting max worker: <0.95.0> on nonode@nohost
2017-06-27 11:06:12.336 [debug] <0.247.0>@basho_bench_keygen:sequential_int_generator:193 sequential_int_gen: <0.165.0>: 0 (0%)
2017-06-27 11:06:12.336 [debug] <0.248.0>@basho_bench_keygen:sequential_int_generator:193 sequential_int_gen: <0.173.0>: 0 (0%)
2017-06-27 11:06:12.336 [debug] <0.250.0>@basho_bench_keygen:sequential_int_generator:193 sequential_int_gen: <0.161.0>: 0 (0%)
2017-06-27 11:06:12.336 [debug] <0.249.0>@basho_bench_keygen:sequential_int_generator:193 sequential_int_gen: <0.159.0>: 0 (0%)
2017-06-27 11:06:12.336 [debug] <0.251.0>@basho_bench_keygen:sequential_int_generator:193 sequential_int_gen: <0.157.0>: 0 (0%)
2017-06-27 11:06:12.336 [debug] <0.252.0>@basho_bench_keygen:sequential_int_generator:193 sequential_int_gen: <0.163.0>: 0 (0%)
2017-06-27 11:06:12.336 [debug] <0.253.0>@basho_bench_keygen:sequential_int_generator:193 sequential_int_gen: <0.155.0>: 0 (0%)
2017-06-27 11:06:12.336 [debug] <0.254.0>@basho_bench_keygen:sequential_int_generator:193 sequential_int_gen: <0.149.0>: 0 (0%)
2017-06-27 11:06:12.336 [debug] <0.255.0>@basho_bench_keygen:sequential_int_generator:193 sequential_int_gen: <0.117.0>: 0 (0%)
2017-06-27 11:06:12.336 [debug] <0.257.0>@basho_bench_keygen:sequential_int_generator:193 sequential_int_gen: <0.141.0>: 0 (0%)
2017-06-27 11:06:12.336 [debug] <0.256.0>@basho_bench_keygen:sequential_int_generator:193 sequential_int_gen: <0.145.0>: 0 (0%)
2017-06-27 11:06:12.337 [debug] <0.258.0>@basho_bench_keygen:sequential_int_generator:193 sequential_int_gen: <0.153.0>: 0 (0%)
2017-06-27 11:06:12.337 [debug] <0.259.0>@basho_bench_keygen:sequential_int_generator:193 sequential_int_gen: <0.143.0>: 0 (0%)
2017-06-27 11:06:12.337 [debug] <0.260.0>@basho_bench_keygen:sequential_int_generator:193 sequential_int_gen: <0.151.0>: 0 (0%)
2017-06-27 11:06:12.337 [debug] <0.261.0>@basho_bench_keygen:sequential_int_generator:193 sequential_int_gen: <0.139.0>: 0 (0%)
2017-06-27 11:06:12.337 [debug] <0.262.0>@basho_bench_keygen:sequential_int_generator:193 sequential_int_gen: <0.147.0>: 0 (0%)
2017-06-27 11:06:12.337 [debug] <0.263.0>@basho_bench_keygen:sequential_int_generator:193 sequential_int_gen: <0.129.0>: 0 (0%)
2017-06-27 11:06:12.337 [debug] <0.264.0>@basho_bench_keygen:sequential_int_generator:193 sequential_int_gen: <0.133.0>: 0 (0%)
2017-06-27 11:06:12.338 [debug] <0.265.0>@basho_bench_keygen:sequential_int_generator:193 sequential_int_gen: <0.135.0>: 0 (0%)
2017-06-27 11:06:12.338 [debug] <0.266.0>@basho_bench_keygen:sequential_int_generator:193 sequential_int_gen: <0.137.0>: 0 (0%)
2017-06-27 11:06:12.338 [debug] <0.267.0>@basho_bench_keygen:sequential_int_generator:193 sequential_int_gen: <0.125.0>: 0 (0%)
2017-06-27 11:06:12.338 [debug] <0.268.0>@basho_bench_keygen:sequential_int_generator:193 sequential_int_gen: <0.131.0>: 0 (0%)
2017-06-27 11:06:12.338 [debug] <0.269.0>@basho_bench_keygen:sequential_int_generator:193 sequential_int_gen: <0.121.0>: 0 (0%)
2017-06-27 11:06:12.338 [debug] <0.270.0>@basho_bench_keygen:sequential_int_generator:193 sequential_int_gen: <0.123.0>: 0 (0%)
2017-06-27 11:06:12.338 [debug] <0.271.0>@basho_bench_keygen:sequential_int_generator:193 sequential_int_gen: <0.119.0>: 0 (0%)
2017-06-27 11:06:12.338 [debug] <0.272.0>@basho_bench_keygen:sequential_int_generator:193 sequential_int_gen: <0.127.0>: 0 (0%)
2017-06-27 11:06:12.338 [debug] <0.273.0>@basho_bench_keygen:sequential_int_generator:193 sequential_int_gen: <0.111.0>: 0 (0%)
2017-06-27 11:06:12.338 [debug] <0.274.0>@basho_bench_keygen:sequential_int_generator:193 sequential_int_gen: <0.115.0>: 0 (0%)
2017-06-27 11:06:12.338 [debug] <0.275.0>@basho_bench_keygen:sequential_int_generator:193 sequential_int_gen: <0.113.0>: 0 (0%)
2017-06-27 11:06:12.339 [debug] <0.276.0>@basho_bench_keygen:sequential_int_generator:193 sequential_int_gen: <0.105.0>: 0 (0%)
2017-06-27 11:06:12.339 [debug] <0.277.0>@basho_bench_keygen:sequential_int_generator:193 sequential_int_gen: <0.109.0>: 0 (0%)
2017-06-27 11:06:12.339 [debug] <0.279.0>@basho_bench_keygen:sequential_int_generator:193 sequential_int_gen: <0.99.0>: 0 (0%)
2017-06-27 11:06:12.339 [debug] <0.278.0>@basho_bench_keygen:sequential_int_generator:193 sequential_int_gen: <0.107.0>: 0 (0%)
2017-06-27 11:06:12.339 [debug] <0.280.0>@basho_bench_keygen:sequential_int_generator:193 sequential_int_gen: <0.101.0>: 0 (0%)
2017-06-27 11:06:12.339 [debug] <0.281.0>@basho_bench_keygen:sequential_int_generator:193 sequential_int_gen: <0.103.0>: 0 (0%)
2017-06-27 11:06:12.339 [debug] <0.282.0>@basho_bench_keygen:sequential_int_generator:193 sequential_int_gen: <0.97.0>: 0 (0%)
2017-06-27 11:06:12.339 [debug] <0.283.0>@basho_bench_keygen:sequential_int_generator:193 sequential_int_gen: <0.93.0>: 0 (0%)
2017-06-27 11:06:12.339 [debug] <0.284.0>@basho_bench_keygen:sequential_int_generator:193 sequential_int_gen: <0.95.0>: 0 (0%)
2017-06-27 11:06:12.373 [info] <0.7.0> Application basho_bench started on node nonode@nohost
2017-06-27 11:09:08.548 [info] <0.213.0>@basho_bench_worker:worker_next_op:304 Driver basho_bench_driver_file (<0.213.0>) has requested stop: empty_keygen
2017-06-27 11:09:12.241 [info] <0.201.0>@basho_bench_worker:worker_next_op:304 Driver basho_bench_driver_file (<0.201.0>) has requested stop: empty_keygen
2017-06-27 11:09:13.189 [info] <0.151.0>@basho_bench_worker:worker_next_op:304 Driver basho_bench_driver_file (<0.151.0>) has requested stop: empty_keygen
2017-06-27 11:09:13.433 [info] <0.109.0>@basho_bench_worker:worker_next_op:304 Driver basho_bench_driver_file (<0.109.0>) has requested stop: empty_keygen
2017-06-27 11:09:13.868 [info] <0.143.0>@basho_bench_worker:worker_next_op:304 Driver basho_bench_driver_file (<0.143.0>) has requested stop: empty_keygen
2017-06-27 11:09:14.293 [info] <0.99.0>@basho_bench_worker:worker_next_op:304 Driver basho_bench_driver_file (<0.99.0>) has requested stop: empty_keygen
2017-06-27 11:09:14.574 [info] <0.149.0>@basho_bench_worker:worker_next_op:304 Driver basho_bench_driver_file (<0.149.0>) has requested stop: empty_keygen
2017-06-27 11:09:14.781 [info] <0.167.0>@basho_bench_worker:worker_next_op:304 Driver basho_bench_driver_file (<0.167.0>) has requested stop: empty_keygen
2017-06-27 11:09:15.097 [info] <0.181.0>@basho_bench_worker:worker_next_op:304 Driver basho_bench_driver_file (<0.181.0>) has requested stop: empty_keygen
2017-06-27 11:09:15.098 [info] <0.107.0>@basho_bench_worker:worker_next_op:304 Driver basho_bench_driver_file (<0.107.0>) has requested stop: empty_keygen
2017-06-27 11:09:15.716 [info] <0.189.0>@basho_bench_worker:worker_next_op:304 Driver basho_bench_driver_file (<0.189.0>) has requested stop: empty_keygen
2017-06-27 11:09:15.812 [info] <0.137.0>@basho_bench_worker:worker_next_op:304 Driver basho_bench_driver_file (<0.137.0>) has requested stop: empty_keygen
2017-06-27 11:09:16.139 [info] <0.191.0>@basho_bench_worker:worker_next_op:304 Driver basho_bench_driver_file (<0.191.0>) has requested stop: empty_keygen
2017-06-27 11:09:16.859 [info] <0.179.0>@basho_bench_worker:worker_next_op:304 Driver basho_bench_driver_file (<0.179.0>) has requested stop: empty_keygen
2017-06-27 11:09:16.908 [info] <0.141.0>@basho_bench_worker:worker_next_op:304 Driver basho_bench_driver_file (<0.141.0>) has requested stop: empty_keygen
2017-06-27 11:09:16.918 [info] <0.157.0>@basho_bench_worker:worker_next_op:304 Driver basho_bench_driver_file (<0.157.0>) has requested stop: empty_keygen
2017-06-27 11:09:16.927 [info] <0.131.0>@basho_bench_worker:worker_next_op:304 Driver basho_bench_driver_file (<0.131.0>) has requested stop: empty_keygen
2017-06-27 11:09:16.966 [info] <0.165.0>@basho_bench_worker:worker_next_op:304 Driver basho_bench_driver_file (<0.165.0>) has requested stop: empty_keygen
2017-06-27 11:09:17.227 [info] <0.121.0>@basho_bench_worker:worker_next_op:304 Driver basho_bench_driver_file (<0.121.0>) has requested stop: empty_keygen
2017-06-27 11:09:17.372 [info] <0.97.0>@basho_bench_worker:worker_next_op:304 Driver basho_bench_driver_file (<0.97.0>) has requested stop: empty_keygen
2017-06-27 11:09:17.487 [info] <0.219.0>@basho_bench_worker:worker_next_op:304 Driver basho_bench_driver_file (<0.219.0>) has requested stop: empty_keygen
2017-06-27 11:09:17.693 [info] <0.159.0>@basho_bench_worker:worker_next_op:304 Driver basho_bench_driver_file (<0.159.0>) has requested stop: empty_keygen
2017-06-27 11:09:17.781 [info] <0.123.0>@basho_bench_worker:worker_next_op:304 Driver basho_bench_driver_file (<0.123.0>) has requested stop: empty_keygen
2017-06-27 11:09:17.851 [info] <0.171.0>@basho_bench_worker:worker_next_op:304 Driver basho_bench_driver_file (<0.171.0>) has requested stop: empty_keygen
2017-06-27 11:09:17.868 [info] <0.127.0>@basho_bench_worker:worker_next_op:304 Driver basho_bench_driver_file (<0.127.0>) has requested stop: empty_keygen
2017-06-27 11:09:17.869 [info] <0.203.0>@basho_bench_worker:worker_next_op:304 Driver basho_bench_driver_file (<0.203.0>) has requested stop: empty_keygen
2017-06-27 11:09:17.891 [info] <0.155.0>@basho_bench_worker:worker_next_op:304 Driver basho_bench_driver_file (<0.155.0>) has requested stop: empty_keygen
2017-06-27 11:09:18.201 [info] <0.101.0>@basho_bench_worker:worker_next_op:304 Driver basho_bench_driver_file (<0.101.0>) has requested stop: empty_keygen
2017-06-27 11:09:18.210 [info] <0.125.0>@basho_bench_worker:worker_next_op:304 Driver basho_bench_driver_file (<0.125.0>) has requested stop: empty_keygen
2017-06-27 11:09:18.249 [info] <0.187.0>@basho_bench_worker:worker_next_op:304 Driver basho_bench_driver_file (<0.187.0>) has requested stop: empty_keygen
2017-06-27 11:09:18.271 [info] <0.103.0>@basho_bench_worker:worker_next_op:304 Driver basho_bench_driver_file (<0.103.0>) has requested stop: empty_keygen
2017-06-27 11:09:18.289 [info] <0.95.0>@basho_bench_worker:worker_next_op:304 Driver basho_bench_driver_file (<0.95.0>) has requested stop: empty_keygen
2017-06-27 11:09:18.309 [info] <0.169.0>@basho_bench_worker:worker_next_op:304 Driver basho_bench_driver_file (<0.169.0>) has requested stop: empty_keygen
2017-06-27 11:09:18.350 [info] <0.93.0>@basho_bench_worker:worker_next_op:304 Driver basho_bench_driver_file (<0.93.0>) has requested stop: empty_keygen
2017-06-27 11:09:18.463 [info] <0.211.0>@basho_bench_worker:worker_next_op:304 Driver basho_bench_driver_file (<0.211.0>) has requested stop: empty_keygen
2017-06-27 11:09:18.466 [info] <0.119.0>@basho_bench_worker:worker_next_op:304 Driver basho_bench_driver_file (<0.119.0>) has requested stop: empty_keygen
2017-06-27 11:09:18.524 [info] <0.105.0>@basho_bench_worker:worker_next_op:304 Driver basho_bench_driver_file (<0.105.0>) has requested stop: empty_keygen
2017-06-27 11:09:18.532 [info] <0.177.0>@basho_bench_worker:worker_next_op:304 Driver basho_bench_driver_file (<0.177.0>) has requested stop: empty_keygen
2017-06-27 11:09:18.601 [info] <0.163.0>@basho_bench_worker:worker_next_op:304 Driver basho_bench_driver_file (<0.163.0>) has requested stop: empty_keygen
2017-06-27 11:09:18.622 [info] <0.173.0>@basho_bench_worker:worker_next_op:304 Driver basho_bench_driver_file (<0.173.0>) has requested stop: empty_keygen
2017-06-27 11:09:18.634 [info] <0.139.0>@basho_bench_worker:worker_next_op:304 Driver basho_bench_driver_file (<0.139.0>) has requested stop: empty_keygen
2017-06-27 11:09:18.724 [info] <0.175.0>@basho_bench_worker:worker_next_op:304 Driver basho_bench_driver_file (<0.175.0>) has requested stop: empty_keygen
2017-06-27 11:09:18.797 [info] <0.161.0>@basho_bench_worker:worker_next_op:304 Driver basho_bench_driver_file (<0.161.0>) has requested stop: empty_keygen
2017-06-27 11:09:18.957 [info] <0.133.0>@basho_bench_worker:worker_next_op:304 Driver basho_bench_driver_file (<0.133.0>) has requested stop: empty_keygen
2017-06-27 11:09:18.975 [info] <0.117.0>@basho_bench_worker:worker_next_op:304 Driver basho_bench_driver_file (<0.117.0>) has requested stop: empty_keygen
2017-06-27 11:09:19.004 [info] <0.193.0>@basho_bench_worker:worker_next_op:304 Driver basho_bench_driver_file (<0.193.0>) has requested stop: empty_keygen
2017-06-27 11:09:19.052 [info] <0.153.0>@basho_bench_worker:worker_next_op:304 Driver basho_bench_driver_file (<0.153.0>) has requested stop: empty_keygen
2017-06-27 11:09:19.132 [info] <0.197.0>@basho_bench_worker:worker_next_op:304 Driver basho_bench_driver_file (<0.197.0>) has requested stop: empty_keygen
2017-06-27 11:09:19.286 [info] <0.113.0>@basho_bench_worker:worker_next_op:304 Driver basho_bench_driver_file (<0.113.0>) has requested stop: empty_keygen
2017-06-27 11:09:19.300 [info] <0.183.0>@basho_bench_worker:worker_next_op:304 Driver basho_bench_driver_file (<0.183.0>) has requested stop: empty_keygen
2017-06-27 11:09:19.338 [info] <0.111.0>@basho_bench_worker:worker_next_op:304 Driver basho_bench_driver_file (<0.111.0>) has requested stop: empty_keygen
2017-06-27 11:09:19.346 [info] <0.115.0>@basho_bench_worker:worker_next_op:304 Driver basho_bench_driver_file (<0.115.0>) has requested stop: empty_keygen
2017-06-27 11:09:19.356 [info] <0.215.0>@basho_bench_worker:worker_next_op:304 Driver basho_bench_driver_file (<0.215.0>) has requested stop: empty_keygen
2017-06-27 11:09:19.362 [info] <0.199.0>@basho_bench_worker:worker_next_op:304 Driver basho_bench_driver_file (<0.199.0>) has requested stop: empty_keygen
2017-06-27 11:09:19.406 [info] <0.135.0>@basho_bench_worker:worker_next_op:304 Driver basho_bench_driver_file (<0.135.0>) has requested stop: empty_keygen
2017-06-27 11:09:19.415 [info] <0.195.0>@basho_bench_worker:worker_next_op:304 Driver basho_bench_driver_file (<0.195.0>) has requested stop: empty_keygen
2017-06-27 11:09:19.421 [info] <0.147.0>@basho_bench_worker:worker_next_op:304 Driver basho_bench_driver_file (<0.147.0>) has requested stop: empty_keygen
2017-06-27 11:09:19.450 [info] <0.205.0>@basho_bench_worker:worker_next_op:304 Driver basho_bench_driver_file (<0.205.0>) has requested stop: empty_keygen
2017-06-27 11:09:19.452 [info] <0.185.0>@basho_bench_worker:worker_next_op:304 Driver basho_bench_driver_file (<0.185.0>) has requested stop: empty_keygen
2017-06-27 11:09:19.455 [info] <0.209.0>@basho_bench_worker:worker_next_op:304 Driver basho_bench_driver_file (<0.209.0>) has requested stop: empty_keygen
2017-06-27 11:09:19.459 [info] <0.217.0>@basho_bench_worker:worker_next_op:304 Driver basho_bench_driver_file (<0.217.0>) has requested stop: empty_keygen
2017-06-27 11:09:19.520 [info] <0.129.0>@basho_bench_worker:worker_next_op:304 Driver basho_bench_driver_file (<0.129.0>) has requested stop: empty_keygen
2017-06-27 11:09:19.547 [info] <0.207.0>@basho_bench_worker:worker_next_op:304 Driver basho_bench_driver_file (<0.207.0>) has requested stop: empty_keygen
2017-06-27 11:09:19.585 [info] <0.145.0>@basho_bench_worker:worker_next_op:304 Driver basho_bench_driver_file (<0.145.0>) has requested stop: empty_keygen
2017-06-27 11:09:19.601 [info] <0.83.0>@basho_bench_stats:report_total_errors:357 No Errors.
2017-06-27 11:09:19.601 [info] <0.2.0>@basho_bench:wait_for_stop:194 Test stopped: shutdown
