2017-06-27 15:57:52.814 [debug] <0.54.0>@lager_handler_watcher:94 Lager installed handler {lager_file_backend,
                            "/home/wilson/basho_bench/tests/20170627_155752/error.log"} into lager_event
2017-06-27 15:57:52.814 [debug] <0.56.0>@lager_handler_watcher:94 Lager installed handler {lager_file_backend,
                            "/home/wilson/basho_bench/tests/20170627_155752/console.log"} into lager_event
2017-06-27 15:57:52.814 [debug] <0.58.0>@lager_handler_watcher:94 Lager installed handler error_logger_lager_h into error_logger
2017-06-27 15:57:52.855 [debug] <0.41.0> Supervisor gr_param_sup started gr_param:start_link(gr_lager_default_tracer_params) at pid <0.60.0>
2017-06-27 15:57:52.855 [debug] <0.40.0> Supervisor gr_counter_sup started gr_counter:start_link(gr_lager_default_tracer_counters) at pid <0.61.0>
2017-06-27 15:57:52.855 [debug] <0.42.0> Supervisor gr_manager_sup started gr_manager:start_link(gr_lager_default_tracer_params_mgr, gr_lager_default_tracer_params, []) at pid <0.62.0>
2017-06-27 15:57:52.856 [debug] <0.42.0> Supervisor gr_manager_sup started gr_manager:start_link(gr_lager_default_tracer_counters_mgr, gr_lager_default_tracer_counters, [{input,0},{filter,0},{output,0}]) at pid <0.63.0>
2017-06-27 15:57:53.289 [debug] <0.50.0>@lager_handler_watcher:94 Lager installed handler lager_backend_throttle into lager_event
2017-06-27 15:57:53.490 [info] <0.7.0> Application lager started on node nonode@nohost
2017-06-27 15:57:53.491 [notice] <0.47.0>@lager_file_backend:128 Changed loglevel of /home/wilson/basho_bench/tests/20170627_155752/console.log to debug
2017-06-27 15:57:53.512 [info] <0.2.0>@basho_bench:log_dimensions:253 Est. data size: 0.00 bytes
2017-06-27 15:57:53.573 [debug] <0.72.0> Supervisor sasl_safe_sup started alarm_handler:start_link() at pid <0.73.0>
2017-06-27 15:57:53.573 [debug] <0.72.0> Supervisor sasl_safe_sup started overload:start_link() at pid <0.74.0>
2017-06-27 15:57:53.574 [debug] <0.71.0> Supervisor sasl_sup started supervisor:start_link({local,sasl_safe_sup}, sasl, safe) at pid <0.72.0>
2017-06-27 15:57:53.586 [debug] <0.71.0> Supervisor sasl_sup started release_handler:start_link() at pid <0.75.0>
2017-06-27 15:57:53.587 [info] <0.7.0> Application sasl started on node nonode@nohost
2017-06-27 15:57:53.606 [info] <0.7.0> Application crypto started on node nonode@nohost
2017-06-27 15:57:53.679 [debug] <0.87.0> Supervisor folsom_sup started folsom_sample_slide_sup:start_link() at pid <0.88.0>
2017-06-27 15:57:53.683 [debug] <0.87.0> Supervisor folsom_sup started folsom_meter_timer_server:start_link() at pid <0.89.0>
2017-06-27 15:57:53.687 [debug] <0.87.0> Supervisor folsom_sup started folsom_metrics_histogram_ets:start_link() at pid <0.90.0>
2017-06-27 15:57:53.687 [info] <0.7.0> Application folsom started on node nonode@nohost
2017-06-27 15:57:53.710 [debug] <0.81.0> Supervisor basho_bench_sup started basho_bench_stats:start_link() at pid <0.83.0>
2017-06-27 15:57:53.714 [debug] <0.92.0>@basho_bench_keygen:new:100 ID 1 generating range 0 to 156
2017-06-27 15:57:53.714 [debug] <0.92.0>@basho_bench_valgen:init_source:102 random source
2017-06-27 15:57:53.723 [debug] <0.81.0> Supervisor basho_bench_sup started basho_bench_worker:start_link(basho_bench_worker_1, 1) at pid <0.92.0>
2017-06-27 15:57:53.723 [debug] <0.94.0>@basho_bench_keygen:new:100 ID 2 generating range 156 to 312
2017-06-27 15:57:53.724 [debug] <0.81.0> Supervisor basho_bench_sup started basho_bench_worker:start_link(basho_bench_worker_2, 2) at pid <0.94.0>
2017-06-27 15:57:53.724 [debug] <0.96.0>@basho_bench_keygen:new:100 ID 3 generating range 312 to 468
2017-06-27 15:57:53.724 [debug] <0.81.0> Supervisor basho_bench_sup started basho_bench_worker:start_link(basho_bench_worker_3, 3) at pid <0.96.0>
2017-06-27 15:57:53.725 [debug] <0.98.0>@basho_bench_keygen:new:100 ID 4 generating range 468 to 624
2017-06-27 15:57:53.725 [debug] <0.81.0> Supervisor basho_bench_sup started basho_bench_worker:start_link(basho_bench_worker_4, 4) at pid <0.98.0>
2017-06-27 15:57:53.725 [debug] <0.100.0>@basho_bench_keygen:new:100 ID 5 generating range 624 to 780
2017-06-27 15:57:53.726 [debug] <0.81.0> Supervisor basho_bench_sup started basho_bench_worker:start_link(basho_bench_worker_5, 5) at pid <0.100.0>
2017-06-27 15:57:53.726 [debug] <0.102.0>@basho_bench_keygen:new:100 ID 6 generating range 780 to 936
2017-06-27 15:57:53.726 [debug] <0.81.0> Supervisor basho_bench_sup started basho_bench_worker:start_link(basho_bench_worker_6, 6) at pid <0.102.0>
2017-06-27 15:57:53.726 [debug] <0.104.0>@basho_bench_keygen:new:100 ID 7 generating range 936 to 1092
2017-06-27 15:57:53.727 [debug] <0.81.0> Supervisor basho_bench_sup started basho_bench_worker:start_link(basho_bench_worker_7, 7) at pid <0.104.0>
2017-06-27 15:57:53.727 [debug] <0.106.0>@basho_bench_keygen:new:100 ID 8 generating range 1092 to 1248
2017-06-27 15:57:53.728 [debug] <0.81.0> Supervisor basho_bench_sup started basho_bench_worker:start_link(basho_bench_worker_8, 8) at pid <0.106.0>
2017-06-27 15:57:53.728 [debug] <0.108.0>@basho_bench_keygen:new:100 ID 9 generating range 1248 to 1404
2017-06-27 15:57:53.728 [debug] <0.81.0> Supervisor basho_bench_sup started basho_bench_worker:start_link(basho_bench_worker_9, 9) at pid <0.108.0>
2017-06-27 15:57:53.728 [debug] <0.110.0>@basho_bench_keygen:new:100 ID 10 generating range 1404 to 1560
2017-06-27 15:57:53.729 [debug] <0.81.0> Supervisor basho_bench_sup started basho_bench_worker:start_link(basho_bench_worker_10, 10) at pid <0.110.0>
2017-06-27 15:57:53.729 [debug] <0.112.0>@basho_bench_keygen:new:100 ID 11 generating range 1560 to 1716
2017-06-27 15:57:53.729 [debug] <0.81.0> Supervisor basho_bench_sup started basho_bench_worker:start_link(basho_bench_worker_11, 11) at pid <0.112.0>
2017-06-27 15:57:53.730 [debug] <0.114.0>@basho_bench_keygen:new:100 ID 12 generating range 1716 to 1872
2017-06-27 15:57:53.730 [debug] <0.81.0> Supervisor basho_bench_sup started basho_bench_worker:start_link(basho_bench_worker_12, 12) at pid <0.114.0>
2017-06-27 15:57:53.730 [debug] <0.116.0>@basho_bench_keygen:new:100 ID 13 generating range 1872 to 2028
2017-06-27 15:57:53.731 [debug] <0.81.0> Supervisor basho_bench_sup started basho_bench_worker:start_link(basho_bench_worker_13, 13) at pid <0.116.0>
2017-06-27 15:57:53.731 [debug] <0.118.0>@basho_bench_keygen:new:100 ID 14 generating range 2028 to 2184
2017-06-27 15:57:53.731 [debug] <0.81.0> Supervisor basho_bench_sup started basho_bench_worker:start_link(basho_bench_worker_14, 14) at pid <0.118.0>
2017-06-27 15:57:53.731 [debug] <0.120.0>@basho_bench_keygen:new:100 ID 15 generating range 2184 to 2340
2017-06-27 15:57:53.732 [debug] <0.81.0> Supervisor basho_bench_sup started basho_bench_worker:start_link(basho_bench_worker_15, 15) at pid <0.120.0>
2017-06-27 15:57:53.732 [debug] <0.122.0>@basho_bench_keygen:new:100 ID 16 generating range 2340 to 2496
2017-06-27 15:57:53.733 [debug] <0.81.0> Supervisor basho_bench_sup started basho_bench_worker:start_link(basho_bench_worker_16, 16) at pid <0.122.0>
2017-06-27 15:57:53.733 [debug] <0.124.0>@basho_bench_keygen:new:100 ID 17 generating range 2496 to 2652
2017-06-27 15:57:53.733 [debug] <0.81.0> Supervisor basho_bench_sup started basho_bench_worker:start_link(basho_bench_worker_17, 17) at pid <0.124.0>
2017-06-27 15:57:53.733 [debug] <0.126.0>@basho_bench_keygen:new:100 ID 18 generating range 2652 to 2808
2017-06-27 15:57:53.734 [debug] <0.81.0> Supervisor basho_bench_sup started basho_bench_worker:start_link(basho_bench_worker_18, 18) at pid <0.126.0>
2017-06-27 15:57:53.734 [debug] <0.128.0>@basho_bench_keygen:new:100 ID 19 generating range 2808 to 2964
2017-06-27 15:57:53.734 [debug] <0.81.0> Supervisor basho_bench_sup started basho_bench_worker:start_link(basho_bench_worker_19, 19) at pid <0.128.0>
2017-06-27 15:57:53.734 [debug] <0.130.0>@basho_bench_keygen:new:100 ID 20 generating range 2964 to 3120
2017-06-27 15:57:53.735 [debug] <0.81.0> Supervisor basho_bench_sup started basho_bench_worker:start_link(basho_bench_worker_20, 20) at pid <0.130.0>
2017-06-27 15:57:53.735 [debug] <0.132.0>@basho_bench_keygen:new:100 ID 21 generating range 3120 to 3276
2017-06-27 15:57:53.736 [debug] <0.81.0> Supervisor basho_bench_sup started basho_bench_worker:start_link(basho_bench_worker_21, 21) at pid <0.132.0>
2017-06-27 15:57:53.736 [debug] <0.134.0>@basho_bench_keygen:new:100 ID 22 generating range 3276 to 3432
2017-06-27 15:57:53.736 [debug] <0.81.0> Supervisor basho_bench_sup started basho_bench_worker:start_link(basho_bench_worker_22, 22) at pid <0.134.0>
2017-06-27 15:57:53.736 [debug] <0.136.0>@basho_bench_keygen:new:100 ID 23 generating range 3432 to 3588
2017-06-27 15:57:53.737 [debug] <0.81.0> Supervisor basho_bench_sup started basho_bench_worker:start_link(basho_bench_worker_23, 23) at pid <0.136.0>
2017-06-27 15:57:53.737 [debug] <0.138.0>@basho_bench_keygen:new:100 ID 24 generating range 3588 to 3744
2017-06-27 15:57:53.737 [debug] <0.81.0> Supervisor basho_bench_sup started basho_bench_worker:start_link(basho_bench_worker_24, 24) at pid <0.138.0>
2017-06-27 15:57:53.737 [debug] <0.140.0>@basho_bench_keygen:new:100 ID 25 generating range 3744 to 3900
2017-06-27 15:57:53.738 [debug] <0.81.0> Supervisor basho_bench_sup started basho_bench_worker:start_link(basho_bench_worker_25, 25) at pid <0.140.0>
2017-06-27 15:57:53.738 [debug] <0.142.0>@basho_bench_keygen:new:100 ID 26 generating range 3900 to 4056
2017-06-27 15:57:53.739 [debug] <0.81.0> Supervisor basho_bench_sup started basho_bench_worker:start_link(basho_bench_worker_26, 26) at pid <0.142.0>
2017-06-27 15:57:53.739 [debug] <0.144.0>@basho_bench_keygen:new:100 ID 27 generating range 4056 to 4212
2017-06-27 15:57:53.739 [debug] <0.81.0> Supervisor basho_bench_sup started basho_bench_worker:start_link(basho_bench_worker_27, 27) at pid <0.144.0>
2017-06-27 15:57:53.739 [debug] <0.146.0>@basho_bench_keygen:new:100 ID 28 generating range 4212 to 4368
2017-06-27 15:57:53.740 [debug] <0.81.0> Supervisor basho_bench_sup started basho_bench_worker:start_link(basho_bench_worker_28, 28) at pid <0.146.0>
2017-06-27 15:57:53.740 [debug] <0.148.0>@basho_bench_keygen:new:100 ID 29 generating range 4368 to 4524
2017-06-27 15:57:53.740 [debug] <0.81.0> Supervisor basho_bench_sup started basho_bench_worker:start_link(basho_bench_worker_29, 29) at pid <0.148.0>
2017-06-27 15:57:53.741 [debug] <0.150.0>@basho_bench_keygen:new:100 ID 30 generating range 4524 to 4680
2017-06-27 15:57:53.741 [debug] <0.81.0> Supervisor basho_bench_sup started basho_bench_worker:start_link(basho_bench_worker_30, 30) at pid <0.150.0>
2017-06-27 15:57:53.741 [debug] <0.152.0>@basho_bench_keygen:new:100 ID 31 generating range 4680 to 4836
2017-06-27 15:57:53.742 [debug] <0.81.0> Supervisor basho_bench_sup started basho_bench_worker:start_link(basho_bench_worker_31, 31) at pid <0.152.0>
2017-06-27 15:57:53.742 [debug] <0.154.0>@basho_bench_keygen:new:100 ID 32 generating range 4836 to 4992
2017-06-27 15:57:53.742 [debug] <0.81.0> Supervisor basho_bench_sup started basho_bench_worker:start_link(basho_bench_worker_32, 32) at pid <0.154.0>
2017-06-27 15:57:53.742 [debug] <0.156.0>@basho_bench_keygen:new:100 ID 33 generating range 4992 to 5148
2017-06-27 15:57:53.743 [debug] <0.81.0> Supervisor basho_bench_sup started basho_bench_worker:start_link(basho_bench_worker_33, 33) at pid <0.156.0>
2017-06-27 15:57:53.743 [debug] <0.158.0>@basho_bench_keygen:new:100 ID 34 generating range 5148 to 5304
2017-06-27 15:57:53.743 [debug] <0.81.0> Supervisor basho_bench_sup started basho_bench_worker:start_link(basho_bench_worker_34, 34) at pid <0.158.0>
2017-06-27 15:57:53.743 [debug] <0.160.0>@basho_bench_keygen:new:100 ID 35 generating range 5304 to 5460
2017-06-27 15:57:53.744 [debug] <0.81.0> Supervisor basho_bench_sup started basho_bench_worker:start_link(basho_bench_worker_35, 35) at pid <0.160.0>
2017-06-27 15:57:53.744 [debug] <0.162.0>@basho_bench_keygen:new:100 ID 36 generating range 5460 to 5616
2017-06-27 15:57:53.745 [debug] <0.81.0> Supervisor basho_bench_sup started basho_bench_worker:start_link(basho_bench_worker_36, 36) at pid <0.162.0>
2017-06-27 15:57:53.745 [debug] <0.164.0>@basho_bench_keygen:new:100 ID 37 generating range 5616 to 5772
2017-06-27 15:57:53.745 [debug] <0.81.0> Supervisor basho_bench_sup started basho_bench_worker:start_link(basho_bench_worker_37, 37) at pid <0.164.0>
2017-06-27 15:57:53.745 [debug] <0.166.0>@basho_bench_keygen:new:100 ID 38 generating range 5772 to 5928
2017-06-27 15:57:53.746 [debug] <0.81.0> Supervisor basho_bench_sup started basho_bench_worker:start_link(basho_bench_worker_38, 38) at pid <0.166.0>
2017-06-27 15:57:53.746 [debug] <0.168.0>@basho_bench_keygen:new:100 ID 39 generating range 5928 to 6084
2017-06-27 15:57:53.746 [debug] <0.81.0> Supervisor basho_bench_sup started basho_bench_worker:start_link(basho_bench_worker_39, 39) at pid <0.168.0>
2017-06-27 15:57:53.746 [debug] <0.170.0>@basho_bench_keygen:new:100 ID 40 generating range 6084 to 6240
2017-06-27 15:57:53.747 [debug] <0.81.0> Supervisor basho_bench_sup started basho_bench_worker:start_link(basho_bench_worker_40, 40) at pid <0.170.0>
2017-06-27 15:57:53.747 [debug] <0.172.0>@basho_bench_keygen:new:100 ID 41 generating range 6240 to 6396
2017-06-27 15:57:53.748 [debug] <0.81.0> Supervisor basho_bench_sup started basho_bench_worker:start_link(basho_bench_worker_41, 41) at pid <0.172.0>
2017-06-27 15:57:53.748 [debug] <0.174.0>@basho_bench_keygen:new:100 ID 42 generating range 6396 to 6552
2017-06-27 15:57:53.748 [debug] <0.81.0> Supervisor basho_bench_sup started basho_bench_worker:start_link(basho_bench_worker_42, 42) at pid <0.174.0>
2017-06-27 15:57:53.749 [debug] <0.176.0>@basho_bench_keygen:new:100 ID 43 generating range 6552 to 6708
2017-06-27 15:57:53.749 [debug] <0.81.0> Supervisor basho_bench_sup started basho_bench_worker:start_link(basho_bench_worker_43, 43) at pid <0.176.0>
2017-06-27 15:57:53.749 [debug] <0.178.0>@basho_bench_keygen:new:100 ID 44 generating range 6708 to 6864
2017-06-27 15:57:53.750 [debug] <0.81.0> Supervisor basho_bench_sup started basho_bench_worker:start_link(basho_bench_worker_44, 44) at pid <0.178.0>
2017-06-27 15:57:53.750 [debug] <0.180.0>@basho_bench_keygen:new:100 ID 45 generating range 6864 to 7020
2017-06-27 15:57:53.750 [debug] <0.81.0> Supervisor basho_bench_sup started basho_bench_worker:start_link(basho_bench_worker_45, 45) at pid <0.180.0>
2017-06-27 15:57:53.750 [debug] <0.182.0>@basho_bench_keygen:new:100 ID 46 generating range 7020 to 7176
2017-06-27 15:57:53.751 [debug] <0.81.0> Supervisor basho_bench_sup started basho_bench_worker:start_link(basho_bench_worker_46, 46) at pid <0.182.0>
2017-06-27 15:57:53.751 [debug] <0.184.0>@basho_bench_keygen:new:100 ID 47 generating range 7176 to 7332
2017-06-27 15:57:53.752 [debug] <0.81.0> Supervisor basho_bench_sup started basho_bench_worker:start_link(basho_bench_worker_47, 47) at pid <0.184.0>
2017-06-27 15:57:53.752 [debug] <0.186.0>@basho_bench_keygen:new:100 ID 48 generating range 7332 to 7488
2017-06-27 15:57:53.752 [debug] <0.81.0> Supervisor basho_bench_sup started basho_bench_worker:start_link(basho_bench_worker_48, 48) at pid <0.186.0>
2017-06-27 15:57:53.752 [debug] <0.188.0>@basho_bench_keygen:new:100 ID 49 generating range 7488 to 7644
2017-06-27 15:57:53.753 [debug] <0.81.0> Supervisor basho_bench_sup started basho_bench_worker:start_link(basho_bench_worker_49, 49) at pid <0.188.0>
2017-06-27 15:57:53.753 [debug] <0.190.0>@basho_bench_keygen:new:100 ID 50 generating range 7644 to 7800
2017-06-27 15:57:53.754 [debug] <0.81.0> Supervisor basho_bench_sup started basho_bench_worker:start_link(basho_bench_worker_50, 50) at pid <0.190.0>
2017-06-27 15:57:53.754 [debug] <0.192.0>@basho_bench_keygen:new:100 ID 51 generating range 7800 to 7956
2017-06-27 15:57:53.754 [debug] <0.81.0> Supervisor basho_bench_sup started basho_bench_worker:start_link(basho_bench_worker_51, 51) at pid <0.192.0>
2017-06-27 15:57:53.754 [debug] <0.194.0>@basho_bench_keygen:new:100 ID 52 generating range 7956 to 8112
2017-06-27 15:57:53.755 [debug] <0.81.0> Supervisor basho_bench_sup started basho_bench_worker:start_link(basho_bench_worker_52, 52) at pid <0.194.0>
2017-06-27 15:57:53.755 [debug] <0.196.0>@basho_bench_keygen:new:100 ID 53 generating range 8112 to 8268
2017-06-27 15:57:53.755 [debug] <0.81.0> Supervisor basho_bench_sup started basho_bench_worker:start_link(basho_bench_worker_53, 53) at pid <0.196.0>
2017-06-27 15:57:53.755 [debug] <0.198.0>@basho_bench_keygen:new:100 ID 54 generating range 8268 to 8424
2017-06-27 15:57:53.756 [debug] <0.81.0> Supervisor basho_bench_sup started basho_bench_worker:start_link(basho_bench_worker_54, 54) at pid <0.198.0>
2017-06-27 15:57:53.756 [debug] <0.200.0>@basho_bench_keygen:new:100 ID 55 generating range 8424 to 8580
2017-06-27 15:57:53.756 [debug] <0.81.0> Supervisor basho_bench_sup started basho_bench_worker:start_link(basho_bench_worker_55, 55) at pid <0.200.0>
2017-06-27 15:57:53.757 [debug] <0.202.0>@basho_bench_keygen:new:100 ID 56 generating range 8580 to 8736
2017-06-27 15:57:53.757 [debug] <0.81.0> Supervisor basho_bench_sup started basho_bench_worker:start_link(basho_bench_worker_56, 56) at pid <0.202.0>
2017-06-27 15:57:53.757 [debug] <0.204.0>@basho_bench_keygen:new:100 ID 57 generating range 8736 to 8892
2017-06-27 15:57:53.758 [debug] <0.81.0> Supervisor basho_bench_sup started basho_bench_worker:start_link(basho_bench_worker_57, 57) at pid <0.204.0>
2017-06-27 15:57:53.758 [debug] <0.206.0>@basho_bench_keygen:new:100 ID 58 generating range 8892 to 9048
2017-06-27 15:57:53.758 [debug] <0.81.0> Supervisor basho_bench_sup started basho_bench_worker:start_link(basho_bench_worker_58, 58) at pid <0.206.0>
2017-06-27 15:57:53.758 [debug] <0.208.0>@basho_bench_keygen:new:100 ID 59 generating range 9048 to 9204
2017-06-27 15:57:53.759 [debug] <0.81.0> Supervisor basho_bench_sup started basho_bench_worker:start_link(basho_bench_worker_59, 59) at pid <0.208.0>
2017-06-27 15:57:53.759 [debug] <0.210.0>@basho_bench_keygen:new:100 ID 60 generating range 9204 to 9360
2017-06-27 15:57:53.760 [debug] <0.81.0> Supervisor basho_bench_sup started basho_bench_worker:start_link(basho_bench_worker_60, 60) at pid <0.210.0>
2017-06-27 15:57:53.760 [debug] <0.212.0>@basho_bench_keygen:new:100 ID 61 generating range 9360 to 9516
2017-06-27 15:57:53.760 [debug] <0.81.0> Supervisor basho_bench_sup started basho_bench_worker:start_link(basho_bench_worker_61, 61) at pid <0.212.0>
2017-06-27 15:57:53.760 [debug] <0.214.0>@basho_bench_keygen:new:100 ID 62 generating range 9516 to 9672
2017-06-27 15:57:53.761 [debug] <0.81.0> Supervisor basho_bench_sup started basho_bench_worker:start_link(basho_bench_worker_62, 62) at pid <0.214.0>
2017-06-27 15:57:53.761 [debug] <0.216.0>@basho_bench_keygen:new:100 ID 63 generating range 9672 to 9828
2017-06-27 15:57:53.761 [debug] <0.81.0> Supervisor basho_bench_sup started basho_bench_worker:start_link(basho_bench_worker_63, 63) at pid <0.216.0>
2017-06-27 15:57:53.761 [debug] <0.218.0>@basho_bench_keygen:new:100 ID 64 generating range 9828 to 10000
2017-06-27 15:57:53.762 [debug] <0.81.0> Supervisor basho_bench_sup started basho_bench_worker:start_link(basho_bench_worker_64, 64) at pid <0.218.0>
2017-06-27 15:57:53.762 [debug] <0.26.0> Supervisor kernel_safe_sup started timer:start_link() at pid <0.220.0>
2017-06-27 15:57:53.768 [info] <0.219.0>@basho_bench_worker:worker_idle_loop:237 Starting max worker: <0.219.0> on nonode@nohost
2017-06-27 15:57:53.768 [info] <0.217.0>@basho_bench_worker:worker_idle_loop:237 Starting max worker: <0.217.0> on nonode@nohost
2017-06-27 15:57:53.769 [debug] <0.221.0>@basho_bench_keygen:sequential_int_generator:193 sequential_int_gen: <0.219.0>: 0 (0%)
2017-06-27 15:57:53.769 [info] <0.215.0>@basho_bench_worker:worker_idle_loop:237 Starting max worker: <0.215.0> on nonode@nohost
2017-06-27 15:57:53.769 [debug] <0.222.0>@basho_bench_keygen:sequential_int_generator:193 sequential_int_gen: <0.217.0>: 0 (0%)
2017-06-27 15:57:53.769 [info] <0.213.0>@basho_bench_worker:worker_idle_loop:237 Starting max worker: <0.213.0> on nonode@nohost
2017-06-27 15:57:53.769 [debug] <0.223.0>@basho_bench_keygen:sequential_int_generator:193 sequential_int_gen: <0.215.0>: 0 (0%)
2017-06-27 15:57:53.769 [debug] <0.224.0>@basho_bench_keygen:sequential_int_generator:193 sequential_int_gen: <0.213.0>: 0 (0%)
2017-06-27 15:57:53.769 [info] <0.209.0>@basho_bench_worker:worker_idle_loop:237 Starting max worker: <0.209.0> on nonode@nohost
2017-06-27 15:57:53.769 [info] <0.211.0>@basho_bench_worker:worker_idle_loop:237 Starting max worker: <0.211.0> on nonode@nohost
2017-06-27 15:57:53.769 [debug] <0.225.0>@basho_bench_keygen:sequential_int_generator:193 sequential_int_gen: <0.209.0>: 0 (0%)
2017-06-27 15:57:53.769 [info] <0.207.0>@basho_bench_worker:worker_idle_loop:237 Starting max worker: <0.207.0> on nonode@nohost
2017-06-27 15:57:53.769 [debug] <0.226.0>@basho_bench_keygen:sequential_int_generator:193 sequential_int_gen: <0.207.0>: 0 (0%)
2017-06-27 15:57:53.769 [info] <0.205.0>@basho_bench_worker:worker_idle_loop:237 Starting max worker: <0.205.0> on nonode@nohost
2017-06-27 15:57:53.769 [info] <0.203.0>@basho_bench_worker:worker_idle_loop:237 Starting max worker: <0.203.0> on nonode@nohost
2017-06-27 15:57:53.769 [debug] <0.228.0>@basho_bench_keygen:sequential_int_generator:193 sequential_int_gen: <0.205.0>: 0 (0%)
2017-06-27 15:57:53.769 [debug] <0.227.0>@basho_bench_keygen:sequential_int_generator:193 sequential_int_gen: <0.211.0>: 0 (0%)
2017-06-27 15:57:53.770 [info] <0.201.0>@basho_bench_worker:worker_idle_loop:237 Starting max worker: <0.201.0> on nonode@nohost
2017-06-27 15:57:53.770 [info] <0.199.0>@basho_bench_worker:worker_idle_loop:237 Starting max worker: <0.199.0> on nonode@nohost
2017-06-27 15:57:53.770 [debug] <0.229.0>@basho_bench_keygen:sequential_int_generator:193 sequential_int_gen: <0.203.0>: 0 (0%)
2017-06-27 15:57:53.770 [debug] <0.230.0>@basho_bench_keygen:sequential_int_generator:193 sequential_int_gen: <0.201.0>: 0 (0%)
2017-06-27 15:57:53.770 [info] <0.197.0>@basho_bench_worker:worker_idle_loop:237 Starting max worker: <0.197.0> on nonode@nohost
2017-06-27 15:57:53.770 [info] <0.195.0>@basho_bench_worker:worker_idle_loop:237 Starting max worker: <0.195.0> on nonode@nohost
2017-06-27 15:57:53.770 [info] <0.191.0>@basho_bench_worker:worker_idle_loop:237 Starting max worker: <0.191.0> on nonode@nohost
2017-06-27 15:57:53.770 [info] <0.193.0>@basho_bench_worker:worker_idle_loop:237 Starting max worker: <0.193.0> on nonode@nohost
2017-06-27 15:57:53.770 [debug] <0.231.0>@basho_bench_keygen:sequential_int_generator:193 sequential_int_gen: <0.199.0>: 0 (0%)
2017-06-27 15:57:53.770 [info] <0.189.0>@basho_bench_worker:worker_idle_loop:237 Starting max worker: <0.189.0> on nonode@nohost
2017-06-27 15:57:53.770 [info] <0.185.0>@basho_bench_worker:worker_idle_loop:237 Starting max worker: <0.185.0> on nonode@nohost
2017-06-27 15:57:53.770 [info] <0.187.0>@basho_bench_worker:worker_idle_loop:237 Starting max worker: <0.187.0> on nonode@nohost
2017-06-27 15:57:53.770 [info] <0.183.0>@basho_bench_worker:worker_idle_loop:237 Starting max worker: <0.183.0> on nonode@nohost
2017-06-27 15:57:53.770 [info] <0.171.0>@basho_bench_worker:worker_idle_loop:237 Starting max worker: <0.171.0> on nonode@nohost
2017-06-27 15:57:53.770 [info] <0.179.0>@basho_bench_worker:worker_idle_loop:237 Starting max worker: <0.179.0> on nonode@nohost
2017-06-27 15:57:53.770 [info] <0.177.0>@basho_bench_worker:worker_idle_loop:237 Starting max worker: <0.177.0> on nonode@nohost
2017-06-27 15:57:53.770 [info] <0.181.0>@basho_bench_worker:worker_idle_loop:237 Starting max worker: <0.181.0> on nonode@nohost
2017-06-27 15:57:53.770 [info] <0.175.0>@basho_bench_worker:worker_idle_loop:237 Starting max worker: <0.175.0> on nonode@nohost
2017-06-27 15:57:53.770 [info] <0.173.0>@basho_bench_worker:worker_idle_loop:237 Starting max worker: <0.173.0> on nonode@nohost
2017-06-27 15:57:53.770 [debug] <0.232.0>@basho_bench_keygen:sequential_int_generator:193 sequential_int_gen: <0.171.0>: 0 (0%)
2017-06-27 15:57:53.770 [debug] <0.233.0>@basho_bench_keygen:sequential_int_generator:193 sequential_int_gen: <0.193.0>: 0 (0%)
2017-06-27 15:57:53.770 [debug] <0.235.0>@basho_bench_keygen:sequential_int_generator:193 sequential_int_gen: <0.181.0>: 0 (0%)
2017-06-27 15:57:53.770 [debug] <0.234.0>@basho_bench_keygen:sequential_int_generator:193 sequential_int_gen: <0.187.0>: 0 (0%)
2017-06-27 15:57:53.770 [debug] <0.236.0>@basho_bench_keygen:sequential_int_generator:193 sequential_int_gen: <0.197.0>: 0 (0%)
2017-06-27 15:57:53.770 [debug] <0.238.0>@basho_bench_keygen:sequential_int_generator:193 sequential_int_gen: <0.191.0>: 0 (0%)
2017-06-27 15:57:53.770 [debug] <0.243.0>@basho_bench_keygen:sequential_int_generator:193 sequential_int_gen: <0.177.0>: 0 (0%)
2017-06-27 15:57:53.770 [debug] <0.237.0>@basho_bench_keygen:sequential_int_generator:193 sequential_int_gen: <0.195.0>: 0 (0%)
2017-06-27 15:57:53.770 [debug] <0.239.0>@basho_bench_keygen:sequential_int_generator:193 sequential_int_gen: <0.189.0>: 0 (0%)
2017-06-27 15:57:53.770 [info] <0.169.0>@basho_bench_worker:worker_idle_loop:237 Starting max worker: <0.169.0> on nonode@nohost
2017-06-27 15:57:53.770 [debug] <0.242.0>@basho_bench_keygen:sequential_int_generator:193 sequential_int_gen: <0.179.0>: 0 (0%)
2017-06-27 15:57:53.770 [debug] <0.241.0>@basho_bench_keygen:sequential_int_generator:193 sequential_int_gen: <0.183.0>: 0 (0%)
2017-06-27 15:57:53.770 [debug] <0.240.0>@basho_bench_keygen:sequential_int_generator:193 sequential_int_gen: <0.185.0>: 0 (0%)
2017-06-27 15:57:53.770 [debug] <0.245.0>@basho_bench_keygen:sequential_int_generator:193 sequential_int_gen: <0.173.0>: 0 (0%)
2017-06-27 15:57:53.770 [info] <0.167.0>@basho_bench_worker:worker_idle_loop:237 Starting max worker: <0.167.0> on nonode@nohost
2017-06-27 15:57:53.770 [debug] <0.244.0>@basho_bench_keygen:sequential_int_generator:193 sequential_int_gen: <0.175.0>: 0 (0%)
2017-06-27 15:57:53.770 [info] <0.163.0>@basho_bench_worker:worker_idle_loop:237 Starting max worker: <0.163.0> on nonode@nohost
2017-06-27 15:57:53.770 [info] <0.165.0>@basho_bench_worker:worker_idle_loop:237 Starting max worker: <0.165.0> on nonode@nohost
2017-06-27 15:57:53.770 [info] <0.153.0>@basho_bench_worker:worker_idle_loop:237 Starting max worker: <0.153.0> on nonode@nohost
2017-06-27 15:57:53.770 [info] <0.161.0>@basho_bench_worker:worker_idle_loop:237 Starting max worker: <0.161.0> on nonode@nohost
2017-06-27 15:57:53.771 [info] <0.151.0>@basho_bench_worker:worker_idle_loop:237 Starting max worker: <0.151.0> on nonode@nohost
2017-06-27 15:57:53.771 [info] <0.155.0>@basho_bench_worker:worker_idle_loop:237 Starting max worker: <0.155.0> on nonode@nohost
2017-06-27 15:57:53.771 [info] <0.157.0>@basho_bench_worker:worker_idle_loop:237 Starting max worker: <0.157.0> on nonode@nohost
2017-06-27 15:57:53.771 [info] <0.159.0>@basho_bench_worker:worker_idle_loop:237 Starting max worker: <0.159.0> on nonode@nohost
2017-06-27 15:57:53.771 [info] <0.147.0>@basho_bench_worker:worker_idle_loop:237 Starting max worker: <0.147.0> on nonode@nohost
2017-06-27 15:57:53.771 [info] <0.141.0>@basho_bench_worker:worker_idle_loop:237 Starting max worker: <0.141.0> on nonode@nohost
2017-06-27 15:57:53.771 [info] <0.149.0>@basho_bench_worker:worker_idle_loop:237 Starting max worker: <0.149.0> on nonode@nohost
2017-06-27 15:57:53.771 [info] <0.143.0>@basho_bench_worker:worker_idle_loop:237 Starting max worker: <0.143.0> on nonode@nohost
2017-06-27 15:57:53.771 [info] <0.145.0>@basho_bench_worker:worker_idle_loop:237 Starting max worker: <0.145.0> on nonode@nohost
2017-06-27 15:57:53.771 [info] <0.137.0>@basho_bench_worker:worker_idle_loop:237 Starting max worker: <0.137.0> on nonode@nohost
2017-06-27 15:57:53.771 [info] <0.133.0>@basho_bench_worker:worker_idle_loop:237 Starting max worker: <0.133.0> on nonode@nohost
2017-06-27 15:57:53.771 [info] <0.135.0>@basho_bench_worker:worker_idle_loop:237 Starting max worker: <0.135.0> on nonode@nohost
2017-06-27 15:57:53.771 [info] <0.131.0>@basho_bench_worker:worker_idle_loop:237 Starting max worker: <0.131.0> on nonode@nohost
2017-06-27 15:57:53.771 [info] <0.125.0>@basho_bench_worker:worker_idle_loop:237 Starting max worker: <0.125.0> on nonode@nohost
2017-06-27 15:57:53.771 [info] <0.127.0>@basho_bench_worker:worker_idle_loop:237 Starting max worker: <0.127.0> on nonode@nohost
2017-06-27 15:57:53.771 [info] <0.123.0>@basho_bench_worker:worker_idle_loop:237 Starting max worker: <0.123.0> on nonode@nohost
2017-06-27 15:57:53.771 [info] <0.139.0>@basho_bench_worker:worker_idle_loop:237 Starting max worker: <0.139.0> on nonode@nohost
2017-06-27 15:57:53.771 [info] <0.119.0>@basho_bench_worker:worker_idle_loop:237 Starting max worker: <0.119.0> on nonode@nohost
2017-06-27 15:57:53.771 [info] <0.113.0>@basho_bench_worker:worker_idle_loop:237 Starting max worker: <0.113.0> on nonode@nohost
2017-06-27 15:57:53.771 [info] <0.129.0>@basho_bench_worker:worker_idle_loop:237 Starting max worker: <0.129.0> on nonode@nohost
2017-06-27 15:57:53.771 [info] <0.115.0>@basho_bench_worker:worker_idle_loop:237 Starting max worker: <0.115.0> on nonode@nohost
2017-06-27 15:57:53.771 [info] <0.111.0>@basho_bench_worker:worker_idle_loop:237 Starting max worker: <0.111.0> on nonode@nohost
2017-06-27 15:57:53.771 [info] <0.121.0>@basho_bench_worker:worker_idle_loop:237 Starting max worker: <0.121.0> on nonode@nohost
2017-06-27 15:57:53.771 [info] <0.117.0>@basho_bench_worker:worker_idle_loop:237 Starting max worker: <0.117.0> on nonode@nohost
2017-06-27 15:57:53.771 [info] <0.107.0>@basho_bench_worker:worker_idle_loop:237 Starting max worker: <0.107.0> on nonode@nohost
2017-06-27 15:57:53.771 [info] <0.109.0>@basho_bench_worker:worker_idle_loop:237 Starting max worker: <0.109.0> on nonode@nohost
2017-06-27 15:57:53.771 [info] <0.103.0>@basho_bench_worker:worker_idle_loop:237 Starting max worker: <0.103.0> on nonode@nohost
2017-06-27 15:57:53.771 [info] <0.105.0>@basho_bench_worker:worker_idle_loop:237 Starting max worker: <0.105.0> on nonode@nohost
2017-06-27 15:57:53.771 [info] <0.101.0>@basho_bench_worker:worker_idle_loop:237 Starting max worker: <0.101.0> on nonode@nohost
2017-06-27 15:57:53.771 [info] <0.97.0>@basho_bench_worker:worker_idle_loop:237 Starting max worker: <0.97.0> on nonode@nohost
2017-06-27 15:57:53.771 [info] <0.93.0>@basho_bench_worker:worker_idle_loop:237 Starting max worker: <0.93.0> on nonode@nohost
2017-06-27 15:57:53.771 [info] <0.99.0>@basho_bench_worker:worker_idle_loop:237 Starting max worker: <0.99.0> on nonode@nohost
2017-06-27 15:57:53.771 [info] <0.95.0>@basho_bench_worker:worker_idle_loop:237 Starting max worker: <0.95.0> on nonode@nohost
2017-06-27 15:57:53.773 [debug] <0.246.0>@basho_bench_keygen:sequential_int_generator:193 sequential_int_gen: <0.169.0>: 0 (0%)
2017-06-27 15:57:53.774 [debug] <0.247.0>@basho_bench_keygen:sequential_int_generator:193 sequential_int_gen: <0.167.0>: 0 (0%)
2017-06-27 15:57:53.774 [debug] <0.248.0>@basho_bench_keygen:sequential_int_generator:193 sequential_int_gen: <0.163.0>: 0 (0%)
2017-06-27 15:57:53.774 [debug] <0.250.0>@basho_bench_keygen:sequential_int_generator:193 sequential_int_gen: <0.153.0>: 0 (0%)
2017-06-27 15:57:53.774 [debug] <0.251.0>@basho_bench_keygen:sequential_int_generator:193 sequential_int_gen: <0.161.0>: 0 (0%)
2017-06-27 15:57:53.774 [debug] <0.249.0>@basho_bench_keygen:sequential_int_generator:193 sequential_int_gen: <0.165.0>: 0 (0%)
2017-06-27 15:57:53.774 [debug] <0.252.0>@basho_bench_keygen:sequential_int_generator:193 sequential_int_gen: <0.151.0>: 0 (0%)
2017-06-27 15:57:53.774 [debug] <0.253.0>@basho_bench_keygen:sequential_int_generator:193 sequential_int_gen: <0.155.0>: 0 (0%)
2017-06-27 15:57:53.774 [debug] <0.254.0>@basho_bench_keygen:sequential_int_generator:193 sequential_int_gen: <0.157.0>: 0 (0%)
2017-06-27 15:57:53.775 [debug] <0.255.0>@basho_bench_keygen:sequential_int_generator:193 sequential_int_gen: <0.159.0>: 0 (0%)
2017-06-27 15:57:53.775 [debug] <0.257.0>@basho_bench_keygen:sequential_int_generator:193 sequential_int_gen: <0.141.0>: 0 (0%)
2017-06-27 15:57:53.775 [debug] <0.256.0>@basho_bench_keygen:sequential_int_generator:193 sequential_int_gen: <0.147.0>: 0 (0%)
2017-06-27 15:57:53.775 [debug] <0.258.0>@basho_bench_keygen:sequential_int_generator:193 sequential_int_gen: <0.149.0>: 0 (0%)
2017-06-27 15:57:53.775 [debug] <0.260.0>@basho_bench_keygen:sequential_int_generator:193 sequential_int_gen: <0.145.0>: 0 (0%)
2017-06-27 15:57:53.775 [debug] <0.259.0>@basho_bench_keygen:sequential_int_generator:193 sequential_int_gen: <0.143.0>: 0 (0%)
2017-06-27 15:57:53.775 [debug] <0.261.0>@basho_bench_keygen:sequential_int_generator:193 sequential_int_gen: <0.137.0>: 0 (0%)
2017-06-27 15:57:53.775 [debug] <0.262.0>@basho_bench_keygen:sequential_int_generator:193 sequential_int_gen: <0.133.0>: 0 (0%)
2017-06-27 15:57:53.775 [debug] <0.264.0>@basho_bench_keygen:sequential_int_generator:193 sequential_int_gen: <0.131.0>: 0 (0%)
2017-06-27 15:57:53.775 [debug] <0.265.0>@basho_bench_keygen:sequential_int_generator:193 sequential_int_gen: <0.125.0>: 0 (0%)
2017-06-27 15:57:53.775 [debug] <0.263.0>@basho_bench_keygen:sequential_int_generator:193 sequential_int_gen: <0.135.0>: 0 (0%)
2017-06-27 15:57:53.775 [debug] <0.266.0>@basho_bench_keygen:sequential_int_generator:193 sequential_int_gen: <0.127.0>: 0 (0%)
2017-06-27 15:57:53.775 [debug] <0.267.0>@basho_bench_keygen:sequential_int_generator:193 sequential_int_gen: <0.123.0>: 0 (0%)
2017-06-27 15:57:53.775 [debug] <0.268.0>@basho_bench_keygen:sequential_int_generator:193 sequential_int_gen: <0.139.0>: 0 (0%)
2017-06-27 15:57:53.775 [debug] <0.269.0>@basho_bench_keygen:sequential_int_generator:193 sequential_int_gen: <0.119.0>: 0 (0%)
2017-06-27 15:57:53.775 [debug] <0.270.0>@basho_bench_keygen:sequential_int_generator:193 sequential_int_gen: <0.113.0>: 0 (0%)
2017-06-27 15:57:53.775 [debug] <0.271.0>@basho_bench_keygen:sequential_int_generator:193 sequential_int_gen: <0.129.0>: 0 (0%)
2017-06-27 15:57:53.776 [debug] <0.272.0>@basho_bench_keygen:sequential_int_generator:193 sequential_int_gen: <0.115.0>: 0 (0%)
2017-06-27 15:57:53.776 [debug] <0.273.0>@basho_bench_keygen:sequential_int_generator:193 sequential_int_gen: <0.111.0>: 0 (0%)
2017-06-27 15:57:53.776 [debug] <0.275.0>@basho_bench_keygen:sequential_int_generator:193 sequential_int_gen: <0.117.0>: 0 (0%)
2017-06-27 15:57:53.776 [debug] <0.274.0>@basho_bench_keygen:sequential_int_generator:193 sequential_int_gen: <0.121.0>: 0 (0%)
2017-06-27 15:57:53.776 [debug] <0.276.0>@basho_bench_keygen:sequential_int_generator:193 sequential_int_gen: <0.107.0>: 0 (0%)
2017-06-27 15:57:53.776 [debug] <0.277.0>@basho_bench_keygen:sequential_int_generator:193 sequential_int_gen: <0.109.0>: 0 (0%)
2017-06-27 15:57:53.776 [debug] <0.278.0>@basho_bench_keygen:sequential_int_generator:193 sequential_int_gen: <0.103.0>: 0 (0%)
2017-06-27 15:57:53.776 [debug] <0.279.0>@basho_bench_keygen:sequential_int_generator:193 sequential_int_gen: <0.105.0>: 0 (0%)
2017-06-27 15:57:53.776 [debug] <0.280.0>@basho_bench_keygen:sequential_int_generator:193 sequential_int_gen: <0.101.0>: 0 (0%)
2017-06-27 15:57:53.776 [debug] <0.281.0>@basho_bench_keygen:sequential_int_generator:193 sequential_int_gen: <0.97.0>: 0 (0%)
2017-06-27 15:57:53.776 [debug] <0.282.0>@basho_bench_keygen:sequential_int_generator:193 sequential_int_gen: <0.93.0>: 0 (0%)
2017-06-27 15:57:53.776 [debug] <0.283.0>@basho_bench_keygen:sequential_int_generator:193 sequential_int_gen: <0.99.0>: 0 (0%)
2017-06-27 15:57:53.777 [debug] <0.284.0>@basho_bench_keygen:sequential_int_generator:193 sequential_int_gen: <0.95.0>: 0 (0%)
2017-06-27 15:57:55.545 [info] <0.7.0> Application basho_bench started on node nonode@nohost
2017-06-27 16:12:29.302 [info] <0.107.0>@basho_bench_worker:worker_next_op:304 Driver basho_bench_driver_file (<0.107.0>) has requested stop: empty_keygen
2017-06-27 16:13:06.630 [info] <0.155.0>@basho_bench_worker:worker_next_op:304 Driver basho_bench_driver_file (<0.155.0>) has requested stop: empty_keygen
2017-06-27 16:13:47.317 [info] <0.169.0>@basho_bench_worker:worker_next_op:304 Driver basho_bench_driver_file (<0.169.0>) has requested stop: empty_keygen
2017-06-27 16:13:49.187 [info] <0.185.0>@basho_bench_worker:worker_next_op:304 Driver basho_bench_driver_file (<0.185.0>) has requested stop: empty_keygen
2017-06-27 16:13:49.763 [info] <0.105.0>@basho_bench_worker:worker_next_op:304 Driver basho_bench_driver_file (<0.105.0>) has requested stop: empty_keygen
2017-06-27 16:14:03.501 [info] <0.151.0>@basho_bench_worker:worker_next_op:304 Driver basho_bench_driver_file (<0.151.0>) has requested stop: empty_keygen
2017-06-27 16:14:18.742 [info] <0.161.0>@basho_bench_worker:worker_next_op:304 Driver basho_bench_driver_file (<0.161.0>) has requested stop: empty_keygen
2017-06-27 16:14:20.453 [info] <0.147.0>@basho_bench_worker:worker_next_op:304 Driver basho_bench_driver_file (<0.147.0>) has requested stop: empty_keygen
2017-06-27 16:14:58.865 [info] <0.191.0>@basho_bench_worker:worker_next_op:304 Driver basho_bench_driver_file (<0.191.0>) has requested stop: empty_keygen
2017-06-27 16:15:11.529 [info] <0.195.0>@basho_bench_worker:worker_next_op:304 Driver basho_bench_driver_file (<0.195.0>) has requested stop: empty_keygen
2017-06-27 16:15:12.125 [info] <0.189.0>@basho_bench_worker:worker_next_op:304 Driver basho_bench_driver_file (<0.189.0>) has requested stop: empty_keygen
2017-06-27 16:15:16.100 [info] <0.153.0>@basho_bench_worker:worker_next_op:304 Driver basho_bench_driver_file (<0.153.0>) has requested stop: empty_keygen
2017-06-27 16:15:17.426 [info] <0.123.0>@basho_bench_worker:worker_next_op:304 Driver basho_bench_driver_file (<0.123.0>) has requested stop: empty_keygen
2017-06-27 16:15:20.157 [info] <0.99.0>@basho_bench_worker:worker_next_op:304 Driver basho_bench_driver_file (<0.99.0>) has requested stop: empty_keygen
2017-06-27 16:15:22.905 [info] <0.179.0>@basho_bench_worker:worker_next_op:304 Driver basho_bench_driver_file (<0.179.0>) has requested stop: empty_keygen
2017-06-27 16:15:26.790 [info] <0.145.0>@basho_bench_worker:worker_next_op:304 Driver basho_bench_driver_file (<0.145.0>) has requested stop: empty_keygen
2017-06-27 16:15:27.165 [info] <0.159.0>@basho_bench_worker:worker_next_op:304 Driver basho_bench_driver_file (<0.159.0>) has requested stop: empty_keygen
2017-06-27 16:15:32.509 [info] <0.137.0>@basho_bench_worker:worker_next_op:304 Driver basho_bench_driver_file (<0.137.0>) has requested stop: empty_keygen
2017-06-27 16:15:48.374 [info] <0.93.0>@basho_bench_worker:worker_next_op:304 Driver basho_bench_driver_file (<0.93.0>) has requested stop: empty_keygen
2017-06-27 16:15:49.993 [info] <0.139.0>@basho_bench_worker:worker_next_op:304 Driver basho_bench_driver_file (<0.139.0>) has requested stop: empty_keygen
2017-06-27 16:15:51.850 [info] <0.125.0>@basho_bench_worker:worker_next_op:304 Driver basho_bench_driver_file (<0.125.0>) has requested stop: empty_keygen
2017-06-27 16:15:56.657 [info] <0.217.0>@basho_bench_worker:worker_next_op:304 Driver basho_bench_driver_file (<0.217.0>) has requested stop: empty_keygen
2017-06-27 16:15:57.321 [info] <0.97.0>@basho_bench_worker:worker_next_op:304 Driver basho_bench_driver_file (<0.97.0>) has requested stop: empty_keygen
2017-06-27 16:15:59.418 [info] <0.163.0>@basho_bench_worker:worker_next_op:304 Driver basho_bench_driver_file (<0.163.0>) has requested stop: empty_keygen
2017-06-27 16:15:59.462 [info] <0.121.0>@basho_bench_worker:worker_next_op:304 Driver basho_bench_driver_file (<0.121.0>) has requested stop: empty_keygen
2017-06-27 16:16:01.169 [info] <0.199.0>@basho_bench_worker:worker_next_op:304 Driver basho_bench_driver_file (<0.199.0>) has requested stop: empty_keygen
2017-06-27 16:16:06.708 [info] <0.205.0>@basho_bench_worker:worker_next_op:304 Driver basho_bench_driver_file (<0.205.0>) has requested stop: empty_keygen
2017-06-27 16:16:06.753 [info] <0.141.0>@basho_bench_worker:worker_next_op:304 Driver basho_bench_driver_file (<0.141.0>) has requested stop: empty_keygen
2017-06-27 16:16:06.933 [info] <0.211.0>@basho_bench_worker:worker_next_op:304 Driver basho_bench_driver_file (<0.211.0>) has requested stop: empty_keygen
2017-06-27 16:16:11.218 [info] <0.193.0>@basho_bench_worker:worker_next_op:304 Driver basho_bench_driver_file (<0.193.0>) has requested stop: empty_keygen
2017-06-27 16:16:11.635 [info] <0.215.0>@basho_bench_worker:worker_next_op:304 Driver basho_bench_driver_file (<0.215.0>) has requested stop: empty_keygen
2017-06-27 16:16:11.639 [info] <0.213.0>@basho_bench_worker:worker_next_op:304 Driver basho_bench_driver_file (<0.213.0>) has requested stop: empty_keygen
2017-06-27 16:16:13.905 [info] <0.101.0>@basho_bench_worker:worker_next_op:304 Driver basho_bench_driver_file (<0.101.0>) has requested stop: empty_keygen
2017-06-27 16:16:14.327 [info] <0.181.0>@basho_bench_worker:worker_next_op:304 Driver basho_bench_driver_file (<0.181.0>) has requested stop: empty_keygen
2017-06-27 16:16:16.921 [info] <0.207.0>@basho_bench_worker:worker_next_op:304 Driver basho_bench_driver_file (<0.207.0>) has requested stop: empty_keygen
2017-06-27 16:16:18.072 [info] <0.183.0>@basho_bench_worker:worker_next_op:304 Driver basho_bench_driver_file (<0.183.0>) has requested stop: empty_keygen
2017-06-27 16:16:21.488 [info] <0.165.0>@basho_bench_worker:worker_next_op:304 Driver basho_bench_driver_file (<0.165.0>) has requested stop: empty_keygen
2017-06-27 16:16:27.005 [info] <0.135.0>@basho_bench_worker:worker_next_op:304 Driver basho_bench_driver_file (<0.135.0>) has requested stop: empty_keygen
2017-06-27 16:16:27.048 [info] <0.157.0>@basho_bench_worker:worker_next_op:304 Driver basho_bench_driver_file (<0.157.0>) has requested stop: empty_keygen
2017-06-27 16:16:27.431 [info] <0.175.0>@basho_bench_worker:worker_next_op:304 Driver basho_bench_driver_file (<0.175.0>) has requested stop: empty_keygen
2017-06-27 16:16:29.325 [info] <0.119.0>@basho_bench_worker:worker_next_op:304 Driver basho_bench_driver_file (<0.119.0>) has requested stop: empty_keygen
2017-06-27 16:16:29.979 [info] <0.127.0>@basho_bench_worker:worker_next_op:304 Driver basho_bench_driver_file (<0.127.0>) has requested stop: empty_keygen
2017-06-27 16:16:31.542 [info] <0.117.0>@basho_bench_worker:worker_next_op:304 Driver basho_bench_driver_file (<0.117.0>) has requested stop: empty_keygen
2017-06-27 16:16:34.689 [info] <0.167.0>@basho_bench_worker:worker_next_op:304 Driver basho_bench_driver_file (<0.167.0>) has requested stop: empty_keygen
2017-06-27 16:16:35.938 [info] <0.171.0>@basho_bench_worker:worker_next_op:304 Driver basho_bench_driver_file (<0.171.0>) has requested stop: empty_keygen
2017-06-27 16:16:39.185 [info] <0.197.0>@basho_bench_worker:worker_next_op:304 Driver basho_bench_driver_file (<0.197.0>) has requested stop: empty_keygen
2017-06-27 16:16:39.453 [info] <0.209.0>@basho_bench_worker:worker_next_op:304 Driver basho_bench_driver_file (<0.209.0>) has requested stop: empty_keygen
2017-06-27 16:16:42.353 [info] <0.129.0>@basho_bench_worker:worker_next_op:304 Driver basho_bench_driver_file (<0.129.0>) has requested stop: empty_keygen
2017-06-27 16:16:43.933 [info] <0.109.0>@basho_bench_worker:worker_next_op:304 Driver basho_bench_driver_file (<0.109.0>) has requested stop: empty_keygen
2017-06-27 16:16:45.862 [info] <0.115.0>@basho_bench_worker:worker_next_op:304 Driver basho_bench_driver_file (<0.115.0>) has requested stop: empty_keygen
2017-06-27 16:16:46.588 [info] <0.143.0>@basho_bench_worker:worker_next_op:304 Driver basho_bench_driver_file (<0.143.0>) has requested stop: empty_keygen
2017-06-27 16:16:50.745 [info] <0.177.0>@basho_bench_worker:worker_next_op:304 Driver basho_bench_driver_file (<0.177.0>) has requested stop: empty_keygen
2017-06-27 16:16:51.461 [info] <0.187.0>@basho_bench_worker:worker_next_op:304 Driver basho_bench_driver_file (<0.187.0>) has requested stop: empty_keygen
2017-06-27 16:16:51.713 [info] <0.131.0>@basho_bench_worker:worker_next_op:304 Driver basho_bench_driver_file (<0.131.0>) has requested stop: empty_keygen
2017-06-27 16:16:52.657 [info] <0.113.0>@basho_bench_worker:worker_next_op:304 Driver basho_bench_driver_file (<0.113.0>) has requested stop: empty_keygen
2017-06-27 16:16:53.576 [info] <0.133.0>@basho_bench_worker:worker_next_op:304 Driver basho_bench_driver_file (<0.133.0>) has requested stop: empty_keygen
2017-06-27 16:16:54.225 [info] <0.111.0>@basho_bench_worker:worker_next_op:304 Driver basho_bench_driver_file (<0.111.0>) has requested stop: empty_keygen
2017-06-27 16:16:54.269 [info] <0.203.0>@basho_bench_worker:worker_next_op:304 Driver basho_bench_driver_file (<0.203.0>) has requested stop: empty_keygen
2017-06-27 16:16:56.433 [info] <0.149.0>@basho_bench_worker:worker_next_op:304 Driver basho_bench_driver_file (<0.149.0>) has requested stop: empty_keygen
2017-06-27 16:16:56.742 [info] <0.95.0>@basho_bench_worker:worker_next_op:304 Driver basho_bench_driver_file (<0.95.0>) has requested stop: empty_keygen
2017-06-27 16:16:56.884 [info] <0.173.0>@basho_bench_worker:worker_next_op:304 Driver basho_bench_driver_file (<0.173.0>) has requested stop: empty_keygen
2017-06-27 16:16:57.382 [info] <0.103.0>@basho_bench_worker:worker_next_op:304 Driver basho_bench_driver_file (<0.103.0>) has requested stop: empty_keygen
2017-06-27 16:16:57.529 [info] <0.201.0>@basho_bench_worker:worker_next_op:304 Driver basho_bench_driver_file (<0.201.0>) has requested stop: empty_keygen
2017-06-27 16:16:57.653 [info] <0.219.0>@basho_bench_worker:worker_next_op:304 Driver basho_bench_driver_file (<0.219.0>) has requested stop: empty_keygen
2017-06-27 16:16:57.654 [info] <0.83.0>@basho_bench_stats:report_total_errors:357 No Errors.
